<?xml version="1.0" encoding="UTF-8"?>
<coverage generated="1773741573955" clover="3.2.0">
  <project timestamp="1773741573955" name="All files">
    <metrics statements="112" coveredstatements="80" conditionals="73" coveredconditionals="37" methods="26" coveredmethods="13" elements="211" coveredelements="130" complexity="0" loc="112" ncloc="112" packages="3" files="4" classes="4"/>
    <package name="menu">
      <metrics statements="25" coveredstatements="20" conditionals="36" coveredconditionals="20" methods="8" coveredmethods="5"/>
      <file name="menu.service.ts" path="/Users/sarab/Documents/resturantApp/backend/src/menu/menu.service.ts">
        <metrics statements="25" coveredstatements="20" conditionals="36" coveredconditionals="20" methods="8" coveredmethods="5"/>
        <line num="1" count="1" type="stmt"/>
        <line num="2" count="1" type="stmt"/>
        <line num="4" count="1" type="stmt"/>
        <line num="6" count="1" type="stmt"/>
        <line num="620" count="1" type="stmt"/>
        <line num="638" count="1" type="stmt"/>
        <line num="639" count="3" type="stmt"/>
        <line num="642" count="0" type="stmt"/>
        <line num="643" count="0" type="cond" truecount="0" falsecount="1"/>
        <line num="644" count="0" type="stmt"/>
        <line num="647" count="0" type="stmt"/>
        <line num="665" count="3" type="stmt"/>
        <line num="666" count="3" type="stmt"/>
        <line num="667" count="3" type="stmt"/>
        <line num="677" count="3" type="cond" truecount="2" falsecount="0"/>
        <line num="679" count="3" type="cond" truecount="1" falsecount="2"/>
        <line num="682" count="3" type="cond" truecount="1" falsecount="1"/>
        <line num="684" count="3" type="cond" truecount="1" falsecount="1"/>
        <line num="685" count="3" type="cond" truecount="1" falsecount="1"/>
        <line num="686" count="3" type="cond" truecount="1" falsecount="1"/>
        <line num="687" count="3" type="cond" truecount="5" falsecount="0"/>
        <line num="692" count="3" type="stmt"/>
        <line num="693" count="3" type="cond" truecount="0" falsecount="1"/>
        <line num="694" count="3" type="stmt"/>
        <line num="702" count="0" type="stmt"/>
      </file>
    </package>
    <package name="orders">
      <metrics statements="82" coveredstatements="57" conditionals="37" coveredconditionals="17" methods="16" coveredmethods="8"/>
      <file name="orders.gateway.ts" path="/Users/sarab/Documents/resturantApp/backend/src/orders/orders.gateway.ts">
        <metrics statements="10" coveredstatements="4" conditionals="2" coveredconditionals="0" methods="2" coveredmethods="0"/>
        <line num="1" count="1" type="stmt"/>
        <line num="2" count="1" type="stmt"/>
        <line num="9" count="1" type="stmt"/>
        <line num="11" count="1" type="stmt"/>
        <line num="14" count="0" type="cond" truecount="0" falsecount="1"/>
        <line num="15" count="0" type="stmt"/>
        <line num="16" count="0" type="stmt"/>
        <line num="20" count="0" type="stmt"/>
        <line num="21" count="0" type="cond" truecount="0" falsecount="1"/>
        <line num="22" count="0" type="stmt"/>
      </file>
      <file name="orders.service.ts" path="/Users/sarab/Documents/resturantApp/backend/src/orders/orders.service.ts">
        <metrics statements="72" coveredstatements="53" conditionals="35" coveredconditionals="17" methods="14" coveredmethods="8"/>
        <line num="1" count="1" type="stmt"/>
        <line num="2" count="1" type="stmt"/>
        <line num="3" count="1" type="stmt"/>
        <line num="7" count="1" type="stmt"/>
        <line num="8" count="1" type="stmt"/>
        <line num="10" count="1" type="stmt"/>
        <line num="11" count="1" type="stmt"/>
        <line num="20" count="1" type="stmt"/>
        <line num="22" count="3" type="stmt"/>
        <line num="23" count="3" type="stmt"/>
        <line num="24" count="3" type="stmt"/>
        <line num="28" count="3" type="cond" truecount="0" falsecount="1"/>
        <line num="29" count="0" type="stmt"/>
        <line num="32" count="3" type="stmt"/>
        <line num="33" count="3" type="stmt"/>
        <line num="34" count="3" type="stmt"/>
        <line num="36" count="3" type="stmt"/>
        <line num="38" count="3" type="stmt"/>
        <line num="39" count="3" type="stmt"/>
        <line num="40" count="3" type="stmt"/>
        <line num="42" count="3" type="stmt"/>
        <line num="43" count="3" type="stmt"/>
        <line num="44" count="3" type="stmt"/>
        <line num="46" count="3" type="stmt"/>
        <line num="47" count="3" type="cond" truecount="2" falsecount="1"/>
        <line num="48" count="0" type="stmt"/>
        <line num="50" count="3" type="cond" truecount="0" falsecount="1"/>
        <line num="51" count="0" type="stmt"/>
        <line num="53" count="3" type="cond" truecount="1" falsecount="1"/>
        <line num="55" count="3" type="cond" truecount="2" falsecount="0"/>
        <line num="56" count="0" type="stmt"/>
        <line num="57" count="0" type="cond" truecount="0" falsecount="1"/>
        <line num="58" count="0" type="stmt"/>
        <line num="61" count="3" type="stmt"/>
        <line num="62" count="3" type="stmt"/>
        <line num="63" count="3" type="stmt"/>
        <line num="64" count="3" type="cond" truecount="1" falsecount="3"/>
        <line num="65" count="0" type="stmt"/>
        <line num="67" count="3" type="stmt"/>
        <line num="71" count="3" type="stmt"/>
        <line num="72" count="3" type="stmt"/>
        <line num="74" count="3" type="cond" truecount="0" falsecount="1"/>
        <line num="75" count="0" type="stmt"/>
        <line num="78" count="3" type="cond" truecount="1" falsecount="0"/>
        <line num="80" count="2" type="stmt"/>
        <line num="81" count="2" type="stmt"/>
        <line num="85" count="2" type="cond" truecount="0" falsecount="1"/>
        <line num="86" count="0" type="stmt"/>
        <line num="91" count="3" type="cond" truecount="2" falsecount="0"/>
        <line num="92" count="3" type="cond" truecount="2" falsecount="0"/>
        <line num="94" count="3" type="stmt"/>
        <line num="109" count="3" type="stmt"/>
        <line num="112" count="3" type="stmt"/>
        <line num="113" count="3" type="stmt"/>
        <line num="114" count="3" type="stmt"/>
        <line num="118" count="0" type="stmt"/>
        <line num="119" count="0" type="stmt"/>
        <line num="123" count="0" type="stmt"/>
        <line num="124" count="0" type="cond" truecount="0" falsecount="1"/>
        <line num="125" count="0" type="stmt"/>
        <line num="129" count="1" type="stmt"/>
        <line num="130" count="1" type="cond" truecount="0" falsecount="1"/>
        <line num="131" count="1" type="stmt"/>
        <line num="132" count="1" type="cond" truecount="1" falsecount="2"/>
        <line num="133" count="0" type="stmt"/>
        <line num="135" count="1" type="cond" truecount="1" falsecount="0"/>
        <line num="136" count="1" type="stmt"/>
        <line num="140" count="0" type="stmt"/>
        <line num="144" count="0" type="stmt"/>
        <line num="145" count="0" type="stmt"/>
        <line num="146" count="0" type="stmt"/>
        <line num="150" count="4" type="stmt"/>
      </file>
    </package>
    <package name="prisma">
      <metrics statements="5" coveredstatements="3" conditionals="0" coveredconditionals="0" methods="2" coveredmethods="0"/>
      <file name="prisma.service.ts" path="/Users/sarab/Documents/resturantApp/backend/src/prisma/prisma.service.ts">
        <metrics statements="5" coveredstatements="3" conditionals="0" coveredconditionals="0" methods="2" coveredmethods="0"/>
        <line num="1" count="1" type="stmt"/>
        <line num="2" count="1" type="stmt"/>
        <line num="5" count="1" type="stmt"/>
        <line num="7" count="0" type="stmt"/>
        <line num="11" count="0" type="stmt"/>
      </file>
    </package>
  </project>
</coverage>
