<?xml version="1.0" encoding="UTF-8"?>
<coverage generated="1773764793902" clover="3.2.0">
  <project timestamp="1773764793902" name="All files">
    <metrics statements="168" coveredstatements="123" conditionals="143" coveredconditionals="84" methods="45" coveredmethods="28" elements="356" coveredelements="235" complexity="0" loc="168" ncloc="168" packages="7" files="17" classes="17"/>
    <package name="src">
      <metrics statements="1" coveredstatements="1" conditionals="0" coveredconditionals="0" methods="0" coveredmethods="0"/>
      <file name="app.module.ts" path="/Users/sarab/Documents/resturantApp/backend/src/app.module.ts">
        <metrics statements="1" coveredstatements="1" conditionals="0" coveredconditionals="0" methods="0" coveredmethods="0"/>
        <line num="12" count="2" type="stmt"/>
      </file>
    </package>
    <package name="src.auth">
      <metrics statements="22" coveredstatements="11" conditionals="12" coveredconditionals="5" methods="6" coveredmethods="3"/>
      <file name="auth.controller.ts" path="/Users/sarab/Documents/resturantApp/backend/src/auth/auth.controller.ts">
        <metrics statements="10" coveredstatements="7" conditionals="10" coveredconditionals="5" methods="3" coveredmethods="2"/>
        <line num="5" count="2" type="stmt"/>
        <line num="6" count="2" type="cond" truecount="3" falsecount="1"/>
        <line num="9" count="2" type="stmt"/>
        <line num="10" count="0" type="stmt"/>
        <line num="11" count="0" type="cond" truecount="0" falsecount="1"/>
        <line num="12" count="0" type="stmt"/>
        <line num="16" count="2" type="stmt"/>
        <line num="17" count="1" type="stmt"/>
        <line num="18" count="1" type="cond" truecount="0" falsecount="1"/>
        <line num="19" count="1" type="cond" truecount="2" falsecount="2"/>
      </file>
      <file name="auth.module.ts" path="/Users/sarab/Documents/resturantApp/backend/src/auth/auth.module.ts">
        <metrics statements="1" coveredstatements="1" conditionals="0" coveredconditionals="0" methods="0" coveredmethods="0"/>
        <line num="9" count="2" type="stmt"/>
      </file>
      <file name="auth.service.ts" path="/Users/sarab/Documents/resturantApp/backend/src/auth/auth.service.ts">
        <metrics statements="11" coveredstatements="3" conditionals="2" coveredconditionals="0" methods="3" coveredmethods="1"/>
        <line num="5" count="2" type="stmt"/>
        <line num="7" count="0" type="cond" truecount="0" falsecount="1"/>
        <line num="8" count="0" type="cond" truecount="0" falsecount="1"/>
        <line num="9" count="0" type="stmt"/>
        <line num="10" count="0" type="stmt"/>
        <line num="14" count="0" type="stmt"/>
        <line num="15" count="0" type="stmt"/>
        <line num="16" count="0" type="stmt"/>
        <line num="18" count="0" type="stmt"/>
        <line num="23" count="1" type="stmt"/>
        <line num="24" count="1" type="stmt"/>
      </file>
    </package>
    <package name="src.common">
      <metrics statements="12" coveredstatements="4" conditionals="10" coveredconditionals="3" methods="3" coveredmethods="1"/>
      <file name="health.controller.ts" path="/Users/sarab/Documents/resturantApp/backend/src/common/health.controller.ts">
        <metrics statements="3" coveredstatements="2" conditionals="0" coveredconditionals="0" methods="1" coveredmethods="0"/>
        <line num="4" count="2" type="stmt"/>
        <line num="6" count="2" type="stmt"/>
        <line num="7" count="0" type="stmt"/>
      </file>
      <file name="jwt-admin.guard.ts" path="/Users/sarab/Documents/resturantApp/backend/src/common/jwt-admin.guard.ts">
        <metrics statements="9" coveredstatements="2" conditionals="10" coveredconditionals="3" methods="2" coveredmethods="1"/>
        <line num="5" count="2" type="stmt"/>
        <line num="6" count="4" type="cond" truecount="3" falsecount="1"/>
        <line num="9" count="0" type="stmt"/>
        <line num="10" count="0" type="stmt"/>
        <line num="11" count="0" type="stmt"/>
        <line num="12" count="0" type="cond" truecount="0" falsecount="1"/>
        <line num="13" count="0" type="cond" truecount="0" falsecount="2"/>
        <line num="14" count="0" type="cond" truecount="0" falsecount="3"/>
        <line num="15" count="0" type="stmt"/>
      </file>
    </package>
    <package name="src.menu">
      <metrics statements="28" coveredstatements="25" conditionals="52" coveredconditionals="35" methods="11" coveredmethods="9"/>
      <file name="menu.controller.ts" path="/Users/sarab/Documents/resturantApp/backend/src/menu/menu.controller.ts">
        <metrics statements="5" coveredstatements="5" conditionals="12" coveredconditionals="9" methods="3" coveredmethods="3"/>
        <line num="5" count="2" type="stmt"/>
        <line num="6" count="2" type="cond" truecount="3" falsecount="1"/>
        <line num="9" count="2" type="stmt"/>
        <line num="16" count="9" type="cond" truecount="4" falsecount="0"/>
        <line num="17" count="3" type="stmt"/>
      </file>
      <file name="menu.module.ts" path="/Users/sarab/Documents/resturantApp/backend/src/menu/menu.module.ts">
        <metrics statements="1" coveredstatements="1" conditionals="0" coveredconditionals="0" methods="0" coveredmethods="0"/>
        <line num="10" count="2" type="stmt"/>
      </file>
      <file name="menu.service.ts" path="/Users/sarab/Documents/resturantApp/backend/src/menu/menu.service.ts">
        <metrics statements="22" coveredstatements="19" conditionals="40" coveredconditionals="26" methods="8" coveredmethods="6"/>
        <line num="6" count="3" type="stmt"/>
        <line num="576" count="3" type="stmt"/>
        <line num="594" count="3" type="stmt"/>
        <line num="595" count="5" type="cond" truecount="3" falsecount="1"/>
        <line num="598" count="2" type="stmt"/>
        <line num="599" count="2" type="cond" truecount="0" falsecount="1"/>
        <line num="600" count="0" type="stmt"/>
        <line num="603" count="0" type="stmt"/>
        <line num="621" count="6" type="stmt"/>
        <line num="622" count="6" type="stmt"/>
        <line num="623" count="168" type="stmt"/>
        <line num="633" count="168" type="cond" truecount="2" falsecount="0"/>
        <line num="635" count="168" type="cond" truecount="1" falsecount="2"/>
        <line num="638" count="168" type="cond" truecount="2" falsecount="0"/>
        <line num="640" count="168" type="cond" truecount="1" falsecount="1"/>
        <line num="641" count="168" type="cond" truecount="1" falsecount="1"/>
        <line num="642" count="168" type="cond" truecount="1" falsecount="1"/>
        <line num="643" count="168" type="cond" truecount="5" falsecount="0"/>
        <line num="648" count="3" type="stmt"/>
        <line num="649" count="3" type="cond" truecount="0" falsecount="1"/>
        <line num="650" count="3" type="stmt"/>
        <line num="658" count="0" type="stmt"/>
      </file>
    </package>
    <package name="src.orders">
      <metrics statements="86" coveredstatements="65" conditionals="65" coveredconditionals="38" methods="21" coveredmethods="13"/>
      <file name="orders.controller.ts" path="/Users/sarab/Documents/resturantApp/backend/src/orders/orders.controller.ts">
        <metrics statements="10" coveredstatements="8" conditionals="12" coveredconditionals="9" methods="5" coveredmethods="3"/>
        <line num="8" count="2" type="stmt"/>
        <line num="9" count="2" type="cond" truecount="3" falsecount="1"/>
        <line num="12" count="2" type="cond" truecount="3" falsecount="1"/>
        <line num="13" count="1" type="stmt"/>
        <line num="18" count="2" type="stmt"/>
        <line num="19" count="0" type="stmt"/>
        <line num="23" count="2" type="stmt"/>
        <line num="24" count="1" type="stmt"/>
        <line num="29" count="2" type="cond" truecount="3" falsecount="1"/>
        <line num="30" count="0" type="stmt"/>
      </file>
      <file name="orders.gateway.ts" path="/Users/sarab/Documents/resturantApp/backend/src/orders/orders.gateway.ts">
        <metrics statements="8" coveredstatements="5" conditionals="6" coveredconditionals="3" methods="2" coveredmethods="1"/>
        <line num="9" count="3" type="stmt"/>
        <line num="11" count="3" type="cond" truecount="3" falsecount="1"/>
        <line num="14" count="1" type="cond" truecount="0" falsecount="1"/>
        <line num="15" count="1" type="stmt"/>
        <line num="16" count="1" type="stmt"/>
        <line num="20" count="0" type="stmt"/>
        <line num="21" count="0" type="cond" truecount="0" falsecount="1"/>
        <line num="22" count="0" type="stmt"/>
      </file>
      <file name="orders.module.ts" path="/Users/sarab/Documents/resturantApp/backend/src/orders/orders.module.ts">
        <metrics statements="1" coveredstatements="1" conditionals="0" coveredconditionals="0" methods="0" coveredmethods="0"/>
        <line num="14" count="2" type="stmt"/>
      </file>
      <file name="orders.service.ts" path="/Users/sarab/Documents/resturantApp/backend/src/orders/orders.service.ts">
        <metrics statements="67" coveredstatements="51" conditionals="47" coveredconditionals="26" methods="14" coveredmethods="9"/>
        <line num="10" count="3" type="stmt"/>
        <line num="11" count="3" type="stmt"/>
        <line num="20" count="3" type="stmt"/>
        <line num="22" count="5" type="cond" truecount="6" falsecount="2"/>
        <line num="23" count="5" type="cond" truecount="3" falsecount="1"/>
        <line num="24" count="5" type="stmt"/>
        <line num="28" count="4" type="cond" truecount="0" falsecount="1"/>
        <line num="29" count="0" type="stmt"/>
        <line num="32" count="4" type="stmt"/>
        <line num="33" count="4" type="stmt"/>
        <line num="34" count="4" type="stmt"/>
        <line num="36" count="4" type="stmt"/>
        <line num="38" count="4" type="stmt"/>
        <line num="39" count="4" type="stmt"/>
        <line num="40" count="4" type="stmt"/>
        <line num="42" count="4" type="stmt"/>
        <line num="43" count="4" type="stmt"/>
        <line num="44" count="4" type="stmt"/>
        <line num="46" count="4" type="stmt"/>
        <line num="47" count="4" type="cond" truecount="2" falsecount="1"/>
        <line num="48" count="0" type="stmt"/>
        <line num="50" count="4" type="cond" truecount="0" falsecount="1"/>
        <line num="51" count="0" type="stmt"/>
        <line num="53" count="4" type="cond" truecount="1" falsecount="1"/>
        <line num="55" count="4" type="cond" truecount="2" falsecount="0"/>
        <line num="56" count="0" type="stmt"/>
        <line num="57" count="0" type="cond" truecount="0" falsecount="1"/>
        <line num="58" count="0" type="stmt"/>
        <line num="61" count="4" type="stmt"/>
        <line num="62" count="4" type="stmt"/>
        <line num="63" count="4" type="stmt"/>
        <line num="64" count="4" type="cond" truecount="1" falsecount="3"/>
        <line num="65" count="0" type="stmt"/>
        <line num="67" count="4" type="stmt"/>
        <line num="71" count="4" type="stmt"/>
        <line num="72" count="4" type="stmt"/>
        <line num="74" count="4" type="cond" truecount="0" falsecount="1"/>
        <line num="75" count="0" type="stmt"/>
        <line num="78" count="4" type="cond" truecount="1" falsecount="0"/>
        <line num="80" count="3" type="stmt"/>
        <line num="81" count="3" type="stmt"/>
        <line num="85" count="3" type="cond" truecount="0" falsecount="1"/>
        <line num="86" count="0" type="stmt"/>
        <line num="91" count="4" type="cond" truecount="2" falsecount="0"/>
        <line num="92" count="4" type="cond" truecount="2" falsecount="0"/>
        <line num="94" count="4" type="stmt"/>
        <line num="109" count="4" type="stmt"/>
        <line num="112" count="4" type="stmt"/>
        <line num="113" count="4" type="stmt"/>
        <line num="114" count="4" type="stmt"/>
        <line num="118" count="0" type="stmt"/>
        <line num="119" count="0" type="stmt"/>
        <line num="123" count="1" type="stmt"/>
        <line num="124" count="1" type="cond" truecount="0" falsecount="1"/>
        <line num="125" count="1" type="stmt"/>
        <line num="129" count="1" type="stmt"/>
        <line num="130" count="1" type="cond" truecount="0" falsecount="1"/>
        <line num="131" count="1" type="stmt"/>
        <line num="132" count="1" type="cond" truecount="1" falsecount="2"/>
        <line num="133" count="0" type="stmt"/>
        <line num="135" count="1" type="cond" truecount="1" falsecount="0"/>
        <line num="136" count="1" type="stmt"/>
        <line num="140" count="0" type="stmt"/>
        <line num="144" count="0" type="stmt"/>
        <line num="145" count="0" type="stmt"/>
        <line num="146" count="0" type="stmt"/>
        <line num="150" count="6" type="stmt"/>
      </file>
    </package>
    <package name="src.orders.dto">
      <metrics statements="15" coveredstatements="13" conditionals="4" coveredconditionals="3" methods="2" coveredmethods="0"/>
      <file name="create-order.dto.ts" path="/Users/sarab/Documents/resturantApp/backend/src/orders/dto/create-order.dto.ts">
        <metrics statements="13" coveredstatements="11" conditionals="4" coveredconditionals="3" methods="2" coveredmethods="0"/>
        <line num="6" count="2" type="stmt"/>
        <line num="10" count="2" type="stmt"/>
        <line num="14" count="2" type="stmt"/>
        <line num="18" count="2" type="stmt"/>
        <line num="23" count="2" type="stmt"/>
        <line num="26" count="2" type="stmt"/>
        <line num="30" count="2" type="stmt"/>
        <line num="35" count="0" type="stmt"/>
        <line num="36" count="2" type="stmt"/>
        <line num="39" count="0" type="stmt"/>
        <line num="40" count="2" type="stmt"/>
        <line num="44" count="2" type="stmt"/>
        <line num="47" count="2" type="cond" truecount="3" falsecount="1"/>
      </file>
      <file name="update-status.dto.ts" path="/Users/sarab/Documents/resturantApp/backend/src/orders/dto/update-status.dto.ts">
        <metrics statements="2" coveredstatements="2" conditionals="0" coveredconditionals="0" methods="0" coveredmethods="0"/>
        <line num="7" count="2" type="stmt"/>
        <line num="11" count="2" type="stmt"/>
      </file>
    </package>
    <package name="src.prisma">
      <metrics statements="4" coveredstatements="4" conditionals="0" coveredconditionals="0" methods="2" coveredmethods="2"/>
      <file name="prisma.module.ts" path="/Users/sarab/Documents/resturantApp/backend/src/prisma/prisma.module.ts">
        <metrics statements="1" coveredstatements="1" conditionals="0" coveredconditionals="0" methods="0" coveredmethods="0"/>
        <line num="9" count="2" type="stmt"/>
      </file>
      <file name="prisma.service.ts" path="/Users/sarab/Documents/resturantApp/backend/src/prisma/prisma.service.ts">
        <metrics statements="3" coveredstatements="3" conditionals="0" coveredconditionals="0" methods="2" coveredmethods="2"/>
        <line num="5" count="3" type="stmt"/>
        <line num="7" count="2" type="stmt"/>
        <line num="11" count="2" type="stmt"/>
      </file>
    </package>
  </project>
</coverage>
