{"/Users/sarab/Documents/resturantApp/backend/src/menu/menu.service.ts": {"path":"/Users/sarab/Documents/resturantApp/backend/src/menu/menu.service.ts","statementMap":{"0":{"start":{"line":1,"column":0},"end":{"line":1,"column":58}},"1":{"start":{"line":2,"column":0},"end":{"line":2,"column":57}},"2":{"start":{"line":4,"column":0},"end":{"line":4,"column":34}},"3":{"start":{"line":6,"column":42},"end":{"line":618,"column":2}},"4":{"start":{"line":620,"column":41},"end":{"line":635,"column":2}},"5":{"start":{"line":638,"column":7},"end":{"line":707,"column":null}},"6":{"start":{"line":639,"column":31},"end":{"line":639,"column":39}},"7":{"start":{"line":642,"column":18},"end":{"line":642,"column":52}},"8":{"start":{"line":643,"column":4},"end":{"line":655,"column":5}},"9":{"start":{"line":644,"column":6},"end":{"line":654,"column":9}},"10":{"start":{"line":647,"column":13},"end":{"line":652,"column":null}},"11":{"start":{"line":665,"column":18},"end":{"line":665,"column":55}},"12":{"start":{"line":666,"column":4},"end":{"line":688,"column":9}},"13":{"start":{"line":667,"column":29},"end":{"line":675,"column":8}},"14":{"start":{"line":677,"column":23},"end":{"line":677,"column":59}},"15":{"start":{"line":679,"column":10},"end":{"line":681,"column":57}},"16":{"start":{"line":682,"column":32},"end":{"line":682,"column":88}},"17":{"start":{"line":684,"column":10},"end":{"line":684,"column":83}},"18":{"start":{"line":685,"column":27},"end":{"line":685,"column":86}},"19":{"start":{"line":686,"column":27},"end":{"line":686,"column":86}},"20":{"start":{"line":687,"column":8},"end":{"line":687,"column":94}},"21":{"start":{"line":692,"column":17},"end":{"line":692,"column":73}},"22":{"start":{"line":693,"column":4},"end":{"line":693,"column":32}},"23":{"start":{"line":693,"column":15},"end":{"line":693,"column":32}},"24":{"start":{"line":694,"column":4},"end":{"line":698,"column":6}},"25":{"start":{"line":702,"column":4},"end":{"line":705,"column":7}},"26":{"start":{"line":638,"column":13},"end":{"line":638,"column":24}},"27":{"start":{"line":638,"column":13},"end":{"line":707,"column":null}}},"fnMap":{"0":{"name":"(anonymous_2)","decl":{"start":{"line":639,"column":2},"end":{"line":639,"column":31}},"loc":{"start":{"line":639,"column":52},"end":{"line":639,"column":56}}},"1":{"name":"(anonymous_3)","decl":{"start":{"line":641,"column":2},"end":{"line":641,"column":7}},"loc":{"start":{"line":641,"column":20},"end":{"line":656,"column":3}}},"2":{"name":"(anonymous_4)","decl":{"start":{"line":646,"column":10},"end":{"line":646,"column":11}},"loc":{"start":{"line":647,"column":13},"end":{"line":652,"column":null}}},"3":{"name":"(anonymous_5)","decl":{"start":{"line":658,"column":2},"end":{"line":658,"column":7}},"loc":{"start":{"line":664,"column":3},"end":{"line":689,"column":3}}},"4":{"name":"(anonymous_6)","decl":{"start":{"line":667,"column":21},"end":{"line":667,"column":22}},"loc":{"start":{"line":667,"column":29},"end":{"line":675,"column":8}}},"5":{"name":"(anonymous_7)","decl":{"start":{"line":676,"column":14},"end":{"line":676,"column":15}},"loc":{"start":{"line":676,"column":23},"end":{"line":688,"column":7}}},"6":{"name":"(anonymous_8)","decl":{"start":{"line":691,"column":2},"end":{"line":691,"column":7}},"loc":{"start":{"line":691,"column":22},"end":{"line":699,"column":3}}},"7":{"name":"(anonymous_9)","decl":{"start":{"line":701,"column":2},"end":{"line":701,"column":7}},"loc":{"start":{"line":701,"column":45},"end":{"line":706,"column":3}}}},"branchMap":{"0":{"loc":{"start":{"line":643,"column":4},"end":{"line":655,"column":5}},"type":"if","locations":[{"start":{"line":643,"column":4},"end":{"line":655,"column":5}}]},"1":{"loc":{"start":{"line":651,"column":37},"end":{"line":651,"column":51}},"type":"binary-expr","locations":[{"start":{"line":651,"column":37},"end":{"line":651,"column":45}},{"start":{"line":651,"column":49},"end":{"line":651,"column":51}}]},"2":{"loc":{"start":{"line":670,"column":10},"end":{"line":672,"column":24}},"type":"cond-expr","locations":[{"start":{"line":671,"column":14},"end":{"line":671,"column":128}},{"start":{"line":672,"column":14},"end":{"line":672,"column":24}}]},"3":{"loc":{"start":{"line":670,"column":10},"end":{"line":670,"column":57}},"type":"binary-expr","locations":[{"start":{"line":670,"column":10},"end":{"line":670,"column":21}},{"start":{"line":670,"column":25},"end":{"line":670,"column":57}}]},"4":{"loc":{"start":{"line":671,"column":14},"end":{"line":671,"column":128}},"type":"binary-expr","locations":[{"start":{"line":671,"column":14},"end":{"line":671,"column":30}},{"start":{"line":671,"column":34},"end":{"line":671,"column":128}}]},"5":{"loc":{"start":{"line":673,"column":28},"end":{"line":673,"column":45}},"type":"binary-expr","locations":[{"start":{"line":673,"column":28},"end":{"line":673,"column":37}},{"start":{"line":673,"column":41},"end":{"line":673,"column":45}}]},"6":{"loc":{"start":{"line":674,"column":16},"end":{"line":674,"column":52}},"type":"cond-expr","locations":[{"start":{"line":674,"column":27},"end":{"line":674,"column":47}},{"start":{"line":674,"column":50},"end":{"line":674,"column":52}}]},"7":{"loc":{"start":{"line":677,"column":23},"end":{"line":677,"column":59}},"type":"binary-expr","locations":[{"start":{"line":677,"column":23},"end":{"line":677,"column":53}},{"start":{"line":677,"column":57},"end":{"line":677,"column":59}}]},"8":{"loc":{"start":{"line":679,"column":10},"end":{"line":681,"column":57}},"type":"binary-expr","locations":[{"start":{"line":679,"column":10},"end":{"line":679,"column":17}},{"start":{"line":680,"column":10},"end":{"line":680,"column":50}},{"start":{"line":681,"column":10},"end":{"line":681,"column":57}}]},"9":{"loc":{"start":{"line":682,"column":32},"end":{"line":682,"column":88}},"type":"binary-expr","locations":[{"start":{"line":682,"column":32},"end":{"line":682,"column":50}},{"start":{"line":682,"column":54},"end":{"line":682,"column":88}}]},"10":{"loc":{"start":{"line":684,"column":10},"end":{"line":684,"column":83}},"type":"binary-expr","locations":[{"start":{"line":684,"column":10},"end":{"line":684,"column":27}},{"start":{"line":684,"column":32},"end":{"line":684,"column":83}}]},"11":{"loc":{"start":{"line":685,"column":27},"end":{"line":685,"column":86}},"type":"binary-expr","locations":[{"start":{"line":685,"column":27},"end":{"line":685,"column":52}},{"start":{"line":685,"column":56},"end":{"line":685,"column":86}}]},"12":{"loc":{"start":{"line":686,"column":27},"end":{"line":686,"column":86}},"type":"binary-expr","locations":[{"start":{"line":686,"column":27},"end":{"line":686,"column":52}},{"start":{"line":686,"column":56},"end":{"line":686,"column":86}}]},"13":{"loc":{"start":{"line":687,"column":15},"end":{"line":687,"column":93}},"type":"binary-expr","locations":[{"start":{"line":687,"column":15},"end":{"line":687,"column":28}},{"start":{"line":687,"column":32},"end":{"line":687,"column":47}},{"start":{"line":687,"column":51},"end":{"line":687,"column":65}},{"start":{"line":687,"column":69},"end":{"line":687,"column":79}},{"start":{"line":687,"column":83},"end":{"line":687,"column":93}}]},"14":{"loc":{"start":{"line":693,"column":4},"end":{"line":693,"column":32}},"type":"if","locations":[{"start":{"line":693,"column":4},"end":{"line":693,"column":32}}]},"15":{"loc":{"start":{"line":696,"column":26},"end":{"line":696,"column":46}},"type":"binary-expr","locations":[{"start":{"line":696,"column":26},"end":{"line":696,"column":38}},{"start":{"line":696,"column":42},"end":{"line":696,"column":46}}]},"16":{"loc":{"start":{"line":697,"column":14},"end":{"line":697,"column":56}},"type":"cond-expr","locations":[{"start":{"line":697,"column":28},"end":{"line":697,"column":51}},{"start":{"line":697,"column":54},"end":{"line":697,"column":56}}]}},"s":{"0":1,"1":1,"2":1,"3":1,"4":1,"5":1,"6":3,"7":0,"8":0,"9":0,"10":0,"11":3,"12":3,"13":3,"14":3,"15":3,"16":3,"17":3,"18":3,"19":3,"20":3,"21":3,"22":3,"23":0,"24":3,"25":0,"26":1,"27":1},"f":{"0":3,"1":0,"2":0,"3":3,"4":3,"5":3,"6":3,"7":0},"b":{"0":[0],"1":[0,0],"2":[3,0],"3":[3,0],"4":[3,3],"5":[3,0],"6":[3,0],"7":[3,3],"8":[3,0,0],"9":[3,0],"10":[3,0],"11":[3,0],"12":[3,0],"13":[3,3,3,3,3],"14":[0],"15":[3,0],"16":[3,0]}}
,"/Users/sarab/Documents/resturantApp/backend/src/orders/orders.gateway.ts": {"path":"/Users/sarab/Documents/resturantApp/backend/src/orders/orders.gateway.ts","statementMap":{"0":{"start":{"line":1,"column":0},"end":{"line":1,"column":71}},"1":{"start":{"line":2,"column":0},"end":{"line":2,"column":35}},"2":{"start":{"line":9,"column":7},"end":{"line":25,"column":null}},"3":{"start":{"line":14,"column":4},"end":{"line":14,"column":29}},"4":{"start":{"line":14,"column":22},"end":{"line":14,"column":29}},"5":{"start":{"line":15,"column":4},"end":{"line":15,"column":58}},"6":{"start":{"line":16,"column":4},"end":{"line":16,"column":44}},"7":{"start":{"line":20,"column":20},"end":{"line":20,"column":72}},"8":{"start":{"line":21,"column":4},"end":{"line":23,"column":5}},"9":{"start":{"line":22,"column":6},"end":{"line":22,"column":27}},"10":{"start":{"line":9,"column":13},"end":{"line":9,"column":26}},"11":{"start":{"line":11,"column":2},"end":{"line":11,"column":null}},"12":{"start":{"line":9,"column":13},"end":{"line":25,"column":null}}},"fnMap":{"0":{"name":"(anonymous_2)","decl":{"start":{"line":13,"column":2},"end":{"line":13,"column":9}},"loc":{"start":{"line":13,"column":22},"end":{"line":17,"column":3}}},"1":{"name":"(anonymous_3)","decl":{"start":{"line":19,"column":2},"end":{"line":19,"column":18}},"loc":{"start":{"line":19,"column":30},"end":{"line":24,"column":3}}}},"branchMap":{"0":{"loc":{"start":{"line":14,"column":4},"end":{"line":14,"column":29}},"type":"if","locations":[{"start":{"line":14,"column":4},"end":{"line":14,"column":29}}]},"1":{"loc":{"start":{"line":21,"column":4},"end":{"line":23,"column":5}},"type":"if","locations":[{"start":{"line":21,"column":4},"end":{"line":23,"column":5}}]}},"s":{"0":1,"1":1,"2":1,"3":0,"4":0,"5":0,"6":0,"7":0,"8":0,"9":0,"10":1,"11":1,"12":1},"f":{"0":0,"1":0},"b":{"0":[0],"1":[0]}}
,"/Users/sarab/Documents/resturantApp/backend/src/orders/orders.service.ts": {"path":"/Users/sarab/Documents/resturantApp/backend/src/orders/orders.service.ts","statementMap":{"0":{"start":{"line":1,"column":0},"end":{"line":1,"column":84}},"1":{"start":{"line":2,"column":0},"end":{"line":2,"column":34}},"2":{"start":{"line":3,"column":0},"end":{"line":3,"column":51}},"3":{"start":{"line":7,"column":0},"end":{"line":7,"column":49}},"4":{"start":{"line":8,"column":0},"end":{"line":8,"column":57}},"5":{"start":{"line":10,"column":17},"end":{"line":10,"column":21}},"6":{"start":{"line":11,"column":63},"end":{"line":17,"column":2}},"7":{"start":{"line":20,"column":7},"end":{"line":165,"column":null}},"8":{"start":{"line":22,"column":21},"end":{"line":22,"column":27}},"9":{"start":{"line":23,"column":21},"end":{"line":23,"column":30}},"10":{"start":{"line":24,"column":21},"end":{"line":24,"column":29}},"11":{"start":{"line":28,"column":4},"end":{"line":30,"column":5}},"12":{"start":{"line":29,"column":6},"end":{"line":29,"column":78}},"13":{"start":{"line":32,"column":20},"end":{"line":32,"column":26}},"14":{"start":{"line":33,"column":30},"end":{"line":33,"column":68}},"15":{"start":{"line":34,"column":16},"end":{"line":34,"column":40}},"16":{"start":{"line":36,"column":18},"end":{"line":110,"column":6}},"17":{"start":{"line":38,"column":18},"end":{"line":38,"column":52}},"18":{"start":{"line":38,"column":39},"end":{"line":38,"column":51}},"19":{"start":{"line":39,"column":24},"end":{"line":39,"column":82}},"20":{"start":{"line":40,"column":22},"end":{"line":40,"column":62}},"21":{"start":{"line":40,"column":51},"end":{"line":40,"column":60}},"22":{"start":{"line":42,"column":21},"end":{"line":42,"column":22}},"23":{"start":{"line":43,"column":25},"end":{"line":43,"column":30}},"24":{"start":{"line":44,"column":81},"end":{"line":68,"column":null}},"25":{"start":{"line":46,"column":27},"end":{"line":46,"column":55}},"26":{"start":{"line":47,"column":10},"end":{"line":49,"column":11}},"27":{"start":{"line":48,"column":12},"end":{"line":48,"column":85}},"28":{"start":{"line":50,"column":10},"end":{"line":52,"column":11}},"29":{"start":{"line":51,"column":12},"end":{"line":51,"column":84}},"30":{"start":{"line":53,"column":25},"end":{"line":53,"column":75}},"31":{"start":{"line":55,"column":12},"end":{"line":59,"column":22}},"32":{"start":{"line":56,"column":28},"end":{"line":56,"column":64}},"33":{"start":{"line":56,"column":52},"end":{"line":56,"column":63}},"34":{"start":{"line":57,"column":14},"end":{"line":57,"column":101}},"35":{"start":{"line":57,"column":26},"end":{"line":57,"column":101}},"36":{"start":{"line":58,"column":14},"end":{"line":58,"column":39}},"37":{"start":{"line":61,"column":28},"end":{"line":61,"column":42}},"38":{"start":{"line":62,"column":10},"end":{"line":62,"column":63}},"39":{"start":{"line":63,"column":29},"end":{"line":63,"column":80}},"40":{"start":{"line":63,"column":59},"end":{"line":63,"column":79}},"41":{"start":{"line":64,"column":10},"end":{"line":66,"column":11}},"42":{"start":{"line":65,"column":12},"end":{"line":65,"column":32}},"43":{"start":{"line":67,"column":10},"end":{"line":67,"column":52}},"44":{"start":{"line":71,"column":18},"end":{"line":71,"column":58}},"45":{"start":{"line":72,"column":20},"end":{"line":72,"column":55}},"46":{"start":{"line":74,"column":6},"end":{"line":76,"column":7}},"47":{"start":{"line":75,"column":8},"end":{"line":75,"column":94}},"48":{"start":{"line":78,"column":6},"end":{"line":89,"column":7}},"49":{"start":{"line":80,"column":8},"end":{"line":88,"column":9}},"50":{"start":{"line":81,"column":22},"end":{"line":84,"column":12}},"51":{"start":{"line":85,"column":10},"end":{"line":87,"column":11}},"52":{"start":{"line":86,"column":12},"end":{"line":86,"column":86}},"53":{"start":{"line":91,"column":34},"end":{"line":91,"column":75}},"54":{"start":{"line":92,"column":25},"end":{"line":92,"column":84}},"55":{"start":{"line":94,"column":22},"end":{"line":107,"column":8}},"56":{"start":{"line":109,"column":6},"end":{"line":109,"column":21}},"57":{"start":{"line":112,"column":19},"end":{"line":112,"column":41}},"58":{"start":{"line":113,"column":4},"end":{"line":113,"column":33}},"59":{"start":{"line":114,"column":4},"end":{"line":114,"column":18}},"60":{"start":{"line":118,"column":19},"end":{"line":118,"column":87}},"61":{"start":{"line":119,"column":4},"end":{"line":119,"column":49}},"62":{"start":{"line":119,"column":29},"end":{"line":119,"column":47}},"63":{"start":{"line":123,"column":18},"end":{"line":123,"column":71}},"64":{"start":{"line":124,"column":4},"end":{"line":124,"column":63}},"65":{"start":{"line":124,"column":16},"end":{"line":124,"column":63}},"66":{"start":{"line":125,"column":4},"end":{"line":125,"column":34}},"67":{"start":{"line":129,"column":20},"end":{"line":129,"column":73}},"68":{"start":{"line":130,"column":4},"end":{"line":130,"column":65}},"69":{"start":{"line":130,"column":18},"end":{"line":130,"column":65}},"70":{"start":{"line":131,"column":26},"end":{"line":131,"column":50}},"71":{"start":{"line":132,"column":4},"end":{"line":134,"column":5}},"72":{"start":{"line":133,"column":6},"end":{"line":133,"column":72}},"73":{"start":{"line":135,"column":4},"end":{"line":139,"column":5}},"74":{"start":{"line":136,"column":6},"end":{"line":138,"column":8}},"75":{"start":{"line":140,"column":20},"end":{"line":143,"column":6}},"76":{"start":{"line":144,"column":19},"end":{"line":144,"column":43}},"77":{"start":{"line":145,"column":4},"end":{"line":145,"column":33}},"78":{"start":{"line":146,"column":4},"end":{"line":146,"column":18}},"79":{"start":{"line":150,"column":4},"end":{"line":163,"column":6}},"80":{"start":{"line":20,"column":13},"end":{"line":20,"column":26}},"81":{"start":{"line":20,"column":13},"end":{"line":165,"column":null}}},"fnMap":{"0":{"name":"(anonymous_2)","decl":{"start":{"line":21,"column":2},"end":{"line":21,"column":null}},"loc":{"start":{"line":24,"column":42},"end":{"line":25,"column":6}}},"1":{"name":"(anonymous_3)","decl":{"start":{"line":27,"column":2},"end":{"line":27,"column":7}},"loc":{"start":{"line":27,"column":34},"end":{"line":115,"column":3}}},"2":{"name":"(anonymous_4)","decl":{"start":{"line":36,"column":49},"end":{"line":36,"column":54}},"loc":{"start":{"line":36,"column":62},"end":{"line":110,"column":5}}},"3":{"name":"(anonymous_5)","decl":{"start":{"line":38,"column":32},"end":{"line":38,"column":33}},"loc":{"start":{"line":38,"column":39},"end":{"line":38,"column":51}}},"4":{"name":"(anonymous_6)","decl":{"start":{"line":40,"column":44},"end":{"line":40,"column":45}},"loc":{"start":{"line":40,"column":51},"end":{"line":40,"column":60}}},"5":{"name":"(anonymous_7)","decl":{"start":{"line":45,"column":8},"end":{"line":45,"column":9}},"loc":{"start":{"line":45,"column":17},"end":{"line":68,"column":9}}},"6":{"name":"(anonymous_8)","decl":{"start":{"line":55,"column":34},"end":{"line":55,"column":35}},"loc":{"start":{"line":55,"column":46},"end":{"line":59,"column":13}}},"7":{"name":"(anonymous_9)","decl":{"start":{"line":56,"column":40},"end":{"line":56,"column":41}},"loc":{"start":{"line":56,"column":52},"end":{"line":56,"column":63}}},"8":{"name":"(anonymous_10)","decl":{"start":{"line":63,"column":52},"end":{"line":63,"column":53}},"loc":{"start":{"line":63,"column":59},"end":{"line":63,"column":79}}},"9":{"name":"(anonymous_11)","decl":{"start":{"line":117,"column":2},"end":{"line":117,"column":7}},"loc":{"start":{"line":117,"column":12},"end":{"line":120,"column":3}}},"10":{"name":"(anonymous_12)","decl":{"start":{"line":119,"column":22},"end":{"line":119,"column":23}},"loc":{"start":{"line":119,"column":29},"end":{"line":119,"column":47}}},"11":{"name":"(anonymous_13)","decl":{"start":{"line":122,"column":2},"end":{"line":122,"column":7}},"loc":{"start":{"line":122,"column":22},"end":{"line":126,"column":3}}},"12":{"name":"(anonymous_14)","decl":{"start":{"line":128,"column":2},"end":{"line":128,"column":7}},"loc":{"start":{"line":128,"column":53},"end":{"line":147,"column":3}}},"13":{"name":"(anonymous_15)","decl":{"start":{"line":149,"column":10},"end":{"line":149,"column":20}},"loc":{"start":{"line":149,"column":29},"end":{"line":164,"column":3}}}},"branchMap":{"0":{"loc":{"start":{"line":28,"column":4},"end":{"line":30,"column":5}},"type":"if","locations":[{"start":{"line":28,"column":4},"end":{"line":30,"column":5}}]},"1":{"loc":{"start":{"line":47,"column":10},"end":{"line":49,"column":11}},"type":"if","locations":[{"start":{"line":47,"column":10},"end":{"line":49,"column":11}}]},"2":{"loc":{"start":{"line":47,"column":14},"end":{"line":47,"column":46}},"type":"binary-expr","locations":[{"start":{"line":47,"column":14},"end":{"line":47,"column":23}},{"start":{"line":47,"column":27},"end":{"line":47,"column":46}}]},"3":{"loc":{"start":{"line":50,"column":10},"end":{"line":52,"column":11}},"type":"if","locations":[{"start":{"line":50,"column":10},"end":{"line":52,"column":11}}]},"4":{"loc":{"start":{"line":53,"column":25},"end":{"line":53,"column":75}},"type":"cond-expr","locations":[{"start":{"line":53,"column":43},"end":{"line":53,"column":70}},{"start":{"line":53,"column":73},"end":{"line":53,"column":75}}]},"5":{"loc":{"start":{"line":55,"column":12},"end":{"line":59,"column":22}},"type":"binary-expr","locations":[{"start":{"line":55,"column":12},"end":{"line":59,"column":17}},{"start":{"line":59,"column":21},"end":{"line":59,"column":22}}]},"6":{"loc":{"start":{"line":57,"column":14},"end":{"line":57,"column":101}},"type":"if","locations":[{"start":{"line":57,"column":14},"end":{"line":57,"column":101}}]},"7":{"loc":{"start":{"line":64,"column":10},"end":{"line":66,"column":11}},"type":"if","locations":[{"start":{"line":64,"column":10},"end":{"line":66,"column":11}}]},"8":{"loc":{"start":{"line":64,"column":14},"end":{"line":64,"column":104}},"type":"binary-expr","locations":[{"start":{"line":64,"column":14},"end":{"line":64,"column":24}},{"start":{"line":64,"column":29},"end":{"line":64,"column":64}},{"start":{"line":64,"column":68},"end":{"line":64,"column":103}}]},"9":{"loc":{"start":{"line":74,"column":6},"end":{"line":76,"column":7}},"type":"if","locations":[{"start":{"line":74,"column":6},"end":{"line":76,"column":7}}]},"10":{"loc":{"start":{"line":78,"column":6},"end":{"line":89,"column":7}},"type":"if","locations":[{"start":{"line":78,"column":6},"end":{"line":89,"column":7}}]},"11":{"loc":{"start":{"line":85,"column":10},"end":{"line":87,"column":11}},"type":"if","locations":[{"start":{"line":85,"column":10},"end":{"line":87,"column":11}}]},"12":{"loc":{"start":{"line":91,"column":34},"end":{"line":91,"column":75}},"type":"cond-expr","locations":[{"start":{"line":91,"column":54},"end":{"line":91,"column":62}},{"start":{"line":91,"column":65},"end":{"line":91,"column":75}}]},"13":{"loc":{"start":{"line":92,"column":25},"end":{"line":92,"column":84}},"type":"cond-expr","locations":[{"start":{"line":92,"column":45},"end":{"line":92,"column":54}},{"start":{"line":92,"column":57},"end":{"line":92,"column":84}}]},"14":{"loc":{"start":{"line":124,"column":4},"end":{"line":124,"column":63}},"type":"if","locations":[{"start":{"line":124,"column":4},"end":{"line":124,"column":63}}]},"15":{"loc":{"start":{"line":130,"column":4},"end":{"line":130,"column":65}},"type":"if","locations":[{"start":{"line":130,"column":4},"end":{"line":130,"column":65}}]},"16":{"loc":{"start":{"line":132,"column":4},"end":{"line":134,"column":5}},"type":"if","locations":[{"start":{"line":132,"column":4},"end":{"line":134,"column":5}}]},"17":{"loc":{"start":{"line":132,"column":8},"end":{"line":132,"column":68}},"type":"binary-expr","locations":[{"start":{"line":132,"column":8},"end":{"line":132,"column":27}},{"start":{"line":132,"column":31},"end":{"line":132,"column":68}}]},"18":{"loc":{"start":{"line":135,"column":4},"end":{"line":139,"column":5}},"type":"if","locations":[{"start":{"line":135,"column":4},"end":{"line":139,"column":5}}]},"19":{"loc":{"start":{"line":156,"column":27},"end":{"line":156,"column":47}},"type":"binary-expr","locations":[{"start":{"line":156,"column":27},"end":{"line":156,"column":39}},{"start":{"line":156,"column":43},"end":{"line":156,"column":47}}]},"20":{"loc":{"start":{"line":157,"column":24},"end":{"line":157,"column":41}},"type":"binary-expr","locations":[{"start":{"line":157,"column":24},"end":{"line":157,"column":33}},{"start":{"line":157,"column":37},"end":{"line":157,"column":41}}]},"21":{"loc":{"start":{"line":158,"column":17},"end":{"line":158,"column":63}},"type":"binary-expr","locations":[{"start":{"line":158,"column":17},"end":{"line":158,"column":46}},{"start":{"line":158,"column":50},"end":{"line":158,"column":63}}]},"22":{"loc":{"start":{"line":159,"column":17},"end":{"line":159,"column":63}},"type":"binary-expr","locations":[{"start":{"line":159,"column":17},"end":{"line":159,"column":46}},{"start":{"line":159,"column":50},"end":{"line":159,"column":63}}]}},"s":{"0":1,"1":1,"2":1,"3":1,"4":1,"5":1,"6":1,"7":1,"8":3,"9":3,"10":3,"11":3,"12":0,"13":3,"14":3,"15":3,"16":3,"17":3,"18":3,"19":3,"20":3,"21":3,"22":3,"23":3,"24":3,"25":3,"26":3,"27":0,"28":3,"29":0,"30":3,"31":3,"32":0,"33":0,"34":0,"35":0,"36":0,"37":3,"38":3,"39":3,"40":0,"41":3,"42":0,"43":3,"44":3,"45":3,"46":3,"47":0,"48":3,"49":2,"50":2,"51":2,"52":0,"53":3,"54":3,"55":3,"56":3,"57":3,"58":3,"59":3,"60":0,"61":0,"62":0,"63":0,"64":0,"65":0,"66":0,"67":1,"68":1,"69":0,"70":1,"71":1,"72":0,"73":1,"74":1,"75":0,"76":0,"77":0,"78":0,"79":4,"80":1,"81":1},"f":{"0":3,"1":3,"2":3,"3":3,"4":3,"5":3,"6":0,"7":0,"8":0,"9":0,"10":0,"11":0,"12":1,"13":4},"b":{"0":[0],"1":[0],"2":[3,3],"3":[0],"4":[3,0],"5":[3,3],"6":[0],"7":[0],"8":[3,0,0],"9":[0],"10":[2],"11":[0],"12":[1,2],"13":[1,2],"14":[0],"15":[0],"16":[0],"17":[1,0],"18":[1],"19":[4,0],"20":[4,0],"21":[4,0],"22":[4,0]}}
,"/Users/sarab/Documents/resturantApp/backend/src/prisma/prisma.service.ts": {"path":"/Users/sarab/Documents/resturantApp/backend/src/prisma/prisma.service.ts","statementMap":{"0":{"start":{"line":1,"column":0},"end":{"line":1,"column":75}},"1":{"start":{"line":2,"column":0},"end":{"line":2,"column":46}},"2":{"start":{"line":5,"column":7},"end":{"line":13,"column":null}},"3":{"start":{"line":7,"column":4},"end":{"line":7,"column":26}},"4":{"start":{"line":11,"column":4},"end":{"line":11,"column":29}},"5":{"start":{"line":5,"column":13},"end":{"line":5,"column":26}},"6":{"start":{"line":5,"column":13},"end":{"line":13,"column":null}}},"fnMap":{"0":{"name":"(anonymous_1)","decl":{"start":{"line":6,"column":2},"end":{"line":6,"column":7}},"loc":{"start":{"line":6,"column":20},"end":{"line":8,"column":3}}},"1":{"name":"(anonymous_2)","decl":{"start":{"line":10,"column":2},"end":{"line":10,"column":7}},"loc":{"start":{"line":10,"column":23},"end":{"line":12,"column":3}}}},"branchMap":{},"s":{"0":1,"1":1,"2":1,"3":0,"4":0,"5":1,"6":1},"f":{"0":0,"1":0},"b":{}}
}
