{"/Users/sarab/Documents/resturantApp/backend/src/app.module.ts": {"path":"/Users/sarab/Documents/resturantApp/backend/src/app.module.ts","statementMap":{"0":{"start":{"line":12,"column":7},"end":{"line":12,"column":null}},"1":{"start":{"line":12,"column":13},"end":{"line":12,"column":null}}},"fnMap":{},"branchMap":{},"s":{"0":4,"1":4},"f":{},"b":{}}
,"/Users/sarab/Documents/resturantApp/backend/src/auth/auth.controller.ts": {"path":"/Users/sarab/Documents/resturantApp/backend/src/auth/auth.controller.ts","statementMap":{"0":{"start":{"line":5,"column":7},"end":{"line":21,"column":null}},"1":{"start":{"line":6,"column":31},"end":{"line":6,"column":37}},"2":{"start":{"line":10,"column":19},"end":{"line":10,"column":42}},"3":{"start":{"line":11,"column":4},"end":{"line":11,"column":78}},"4":{"start":{"line":11,"column":17},"end":{"line":11,"column":78}},"5":{"start":{"line":12,"column":4},"end":{"line":12,"column":60}},"6":{"start":{"line":17,"column":19},"end":{"line":17,"column":42}},"7":{"start":{"line":18,"column":4},"end":{"line":18,"column":78}},"8":{"start":{"line":18,"column":17},"end":{"line":18,"column":78}},"9":{"start":{"line":19,"column":4},"end":{"line":19,"column":91}},"10":{"start":{"line":9,"column":2},"end":{"line":13,"column":null}},"11":{"start":{"line":16,"column":2},"end":{"line":20,"column":null}},"12":{"start":{"line":5,"column":13},"end":{"line":21,"column":null}}},"fnMap":{"0":{"name":"(anonymous_4)","decl":{"start":{"line":6,"column":2},"end":{"line":6,"column":31}},"loc":{"start":{"line":6,"column":48},"end":{"line":6,"column":52}}},"1":{"name":"(anonymous_5)","decl":{"start":{"line":9,"column":2},"end":{"line":9,"column":7}},"loc":{"start":{"line":9,"column":42},"end":{"line":13,"column":3}}},"2":{"name":"(anonymous_6)","decl":{"start":{"line":16,"column":2},"end":{"line":16,"column":10}},"loc":{"start":{"line":16,"column":58},"end":{"line":20,"column":3}}}},"branchMap":{"0":{"loc":{"start":{"line":11,"column":4},"end":{"line":11,"column":78}},"type":"if","locations":[{"start":{"line":11,"column":4},"end":{"line":11,"column":78}}]},"1":{"loc":{"start":{"line":18,"column":4},"end":{"line":18,"column":78}},"type":"if","locations":[{"start":{"line":18,"column":4},"end":{"line":18,"column":78}}]},"2":{"loc":{"start":{"line":19,"column":48},"end":{"line":19,"column":68}},"type":"binary-expr","locations":[{"start":{"line":19,"column":48},"end":{"line":19,"column":57}},{"start":{"line":19,"column":61},"end":{"line":19,"column":68}}]},"3":{"loc":{"start":{"line":19,"column":70},"end":{"line":19,"column":89}},"type":"binary-expr","locations":[{"start":{"line":19,"column":70},"end":{"line":19,"column":80}},{"start":{"line":19,"column":84},"end":{"line":19,"column":89}}]},"4":{"loc":{"start":{"line":6,"column":37},"end":{"line":6,"column":51}},"type":"cond-expr","locations":[{"start":{"line":6,"column":48},"end":{"line":6,"column":51}},{"start":{"line":6,"column":48},"end":{"line":6,"column":51}}]},"5":{"loc":{"start":{"line":6,"column":37},"end":{"line":6,"column":48}},"type":"binary-expr","locations":[{"start":{"line":6,"column":37},"end":{"line":6,"column":51}},{"start":{"line":6,"column":37},"end":{"line":6,"column":48}}]}},"s":{"0":4,"1":4,"2":3,"3":3,"4":0,"5":3,"6":3,"7":3,"8":0,"9":3,"10":4,"11":4,"12":4},"f":{"0":4,"1":3,"2":3},"b":{"0":[0],"1":[0],"2":[3,0],"3":[3,0],"4":[4,0],"5":[4,4]}}
,"/Users/sarab/Documents/resturantApp/backend/src/auth/auth.module.ts": {"path":"/Users/sarab/Documents/resturantApp/backend/src/auth/auth.module.ts","statementMap":{"0":{"start":{"line":9,"column":7},"end":{"line":9,"column":null}},"1":{"start":{"line":9,"column":13},"end":{"line":9,"column":null}}},"fnMap":{},"branchMap":{},"s":{"0":4,"1":4},"f":{},"b":{}}
,"/Users/sarab/Documents/resturantApp/backend/src/auth/auth.service.ts": {"path":"/Users/sarab/Documents/resturantApp/backend/src/auth/auth.service.ts","statementMap":{"0":{"start":{"line":5,"column":7},"end":{"line":26,"column":null}},"1":{"start":{"line":7,"column":4},"end":{"line":7,"column":73}},"2":{"start":{"line":7,"column":17},"end":{"line":7,"column":73}},"3":{"start":{"line":8,"column":4},"end":{"line":8,"column":84}},"4":{"start":{"line":8,"column":29},"end":{"line":8,"column":84}},"5":{"start":{"line":9,"column":18},"end":{"line":9,"column":74}},"6":{"start":{"line":10,"column":4},"end":{"line":10,"column":21}},"7":{"start":{"line":14,"column":4},"end":{"line":19,"column":5}},"8":{"start":{"line":15,"column":22},"end":{"line":15,"column":54}},"9":{"start":{"line":16,"column":6},"end":{"line":16,"column":38}},"10":{"start":{"line":18,"column":6},"end":{"line":18,"column":19}},"11":{"start":{"line":23,"column":18},"end":{"line":23,"column":90}},"12":{"start":{"line":24,"column":4},"end":{"line":24,"column":21}},"13":{"start":{"line":5,"column":13},"end":{"line":26,"column":null}}},"fnMap":{"0":{"name":"(anonymous_1)","decl":{"start":{"line":6,"column":2},"end":{"line":6,"column":17}},"loc":{"start":{"line":6,"column":50},"end":{"line":11,"column":3}}},"1":{"name":"(anonymous_2)","decl":{"start":{"line":13,"column":2},"end":{"line":13,"column":8}},"loc":{"start":{"line":13,"column":38},"end":{"line":20,"column":3}}},"2":{"name":"(anonymous_3)","decl":{"start":{"line":22,"column":2},"end":{"line":22,"column":20}},"loc":{"start":{"line":22,"column":64},"end":{"line":25,"column":3}}}},"branchMap":{"0":{"loc":{"start":{"line":7,"column":4},"end":{"line":7,"column":73}},"type":"if","locations":[{"start":{"line":7,"column":4},"end":{"line":7,"column":73}}]},"1":{"loc":{"start":{"line":8,"column":4},"end":{"line":8,"column":84}},"type":"if","locations":[{"start":{"line":8,"column":4},"end":{"line":8,"column":84}}]}},"s":{"0":4,"1":3,"2":0,"3":3,"4":1,"5":2,"6":2,"7":2,"8":2,"9":2,"10":0,"11":3,"12":3,"13":4},"f":{"0":3,"1":2,"2":3},"b":{"0":[0],"1":[1]}}
,"/Users/sarab/Documents/resturantApp/backend/src/common/health.controller.ts": {"path":"/Users/sarab/Documents/resturantApp/backend/src/common/health.controller.ts","statementMap":{"0":{"start":{"line":4,"column":7},"end":{"line":9,"column":null}},"1":{"start":{"line":7,"column":4},"end":{"line":7,"column":24}},"2":{"start":{"line":6,"column":2},"end":{"line":8,"column":null}},"3":{"start":{"line":4,"column":13},"end":{"line":9,"column":null}}},"fnMap":{"0":{"name":"(anonymous_2)","decl":{"start":{"line":6,"column":2},"end":{"line":6,"column":8}},"loc":{"start":{"line":6,"column":8},"end":{"line":8,"column":3}}}},"branchMap":{},"s":{"0":4,"1":0,"2":4,"3":4},"f":{"0":0},"b":{}}
,"/Users/sarab/Documents/resturantApp/backend/src/common/jwt-admin.guard.ts": {"path":"/Users/sarab/Documents/resturantApp/backend/src/common/jwt-admin.guard.ts","statementMap":{"0":{"start":{"line":5,"column":7},"end":{"line":17,"column":null}},"1":{"start":{"line":6,"column":31},"end":{"line":6,"column":37}},"2":{"start":{"line":9,"column":16},"end":{"line":9,"column":51}},"3":{"start":{"line":10,"column":19},"end":{"line":10,"column":69}},"4":{"start":{"line":11,"column":19},"end":{"line":11,"column":42}},"5":{"start":{"line":12,"column":4},"end":{"line":12,"column":78}},"6":{"start":{"line":12,"column":17},"end":{"line":12,"column":78}},"7":{"start":{"line":13,"column":18},"end":{"line":13,"column":77}},"8":{"start":{"line":14,"column":4},"end":{"line":14,"column":62}},"9":{"start":{"line":14,"column":50},"end":{"line":14,"column":62}},"10":{"start":{"line":15,"column":4},"end":{"line":15,"column":59}},"11":{"start":{"line":5,"column":13},"end":{"line":17,"column":null}}},"fnMap":{"0":{"name":"(anonymous_2)","decl":{"start":{"line":6,"column":2},"end":{"line":6,"column":31}},"loc":{"start":{"line":6,"column":48},"end":{"line":6,"column":52}}},"1":{"name":"(anonymous_3)","decl":{"start":{"line":8,"column":2},"end":{"line":8,"column":13}},"loc":{"start":{"line":8,"column":39},"end":{"line":16,"column":3}}}},"branchMap":{"0":{"loc":{"start":{"line":12,"column":4},"end":{"line":12,"column":78}},"type":"if","locations":[{"start":{"line":12,"column":4},"end":{"line":12,"column":78}}]},"1":{"loc":{"start":{"line":13,"column":18},"end":{"line":13,"column":77}},"type":"cond-expr","locations":[{"start":{"line":13,"column":50},"end":{"line":13,"column":65}},{"start":{"line":13,"column":68},"end":{"line":13,"column":77}}]},"2":{"loc":{"start":{"line":14,"column":4},"end":{"line":14,"column":62}},"type":"if","locations":[{"start":{"line":14,"column":4},"end":{"line":14,"column":62}}]},"3":{"loc":{"start":{"line":14,"column":8},"end":{"line":14,"column":48}},"type":"binary-expr","locations":[{"start":{"line":14,"column":8},"end":{"line":14,"column":13}},{"start":{"line":14,"column":17},"end":{"line":14,"column":48}}]},"4":{"loc":{"start":{"line":6,"column":37},"end":{"line":6,"column":51}},"type":"cond-expr","locations":[{"start":{"line":6,"column":48},"end":{"line":6,"column":51}},{"start":{"line":6,"column":48},"end":{"line":6,"column":51}}]},"5":{"loc":{"start":{"line":6,"column":37},"end":{"line":6,"column":48}},"type":"binary-expr","locations":[{"start":{"line":6,"column":37},"end":{"line":6,"column":51}},{"start":{"line":6,"column":37},"end":{"line":6,"column":48}}]}},"s":{"0":4,"1":8,"2":2,"3":2,"4":2,"5":2,"6":0,"7":2,"8":2,"9":2,"10":0,"11":4},"f":{"0":8,"1":2},"b":{"0":[0],"1":[2,0],"2":[2],"3":[2,2],"4":[4,0],"5":[4,4]}}
,"/Users/sarab/Documents/resturantApp/backend/src/menu/menu.controller.ts": {"path":"/Users/sarab/Documents/resturantApp/backend/src/menu/menu.controller.ts","statementMap":{"0":{"start":{"line":5,"column":7},"end":{"line":25,"column":null}},"1":{"start":{"line":6,"column":52},"end":{"line":6,"column":65}},"2":{"start":{"line":16,"column":22},"end":{"line":16,"column":84}},"3":{"start":{"line":16,"column":39},"end":{"line":16,"column":83}},"4":{"start":{"line":17,"column":4},"end":{"line":23,"column":7}},"5":{"start":{"line":9,"column":2},"end":{"line":24,"column":null}},"6":{"start":{"line":5,"column":13},"end":{"line":25,"column":null}}},"fnMap":{"0":{"name":"(anonymous_4)","decl":{"start":{"line":6,"column":2},"end":{"line":6,"column":15}},"loc":{"start":{"line":6,"column":76},"end":{"line":6,"column":80}}},"1":{"name":"(anonymous_5)","decl":{"start":{"line":9,"column":2},"end":{"line":9,"column":6}},"loc":{"start":{"line":14,"column":40},"end":{"line":24,"column":3}}},"2":{"name":"(anonymous_6)","decl":{"start":{"line":16,"column":22},"end":{"line":16,"column":23}},"loc":{"start":{"line":16,"column":39},"end":{"line":16,"column":83}}}},"branchMap":{"0":{"loc":{"start":{"line":16,"column":39},"end":{"line":16,"column":83}},"type":"cond-expr","locations":[{"start":{"line":16,"column":70},"end":{"line":16,"column":71}},{"start":{"line":16,"column":74},"end":{"line":16,"column":83}}]},"1":{"loc":{"start":{"line":16,"column":39},"end":{"line":16,"column":67}},"type":"binary-expr","locations":[{"start":{"line":16,"column":39},"end":{"line":16,"column":48}},{"start":{"line":16,"column":52},"end":{"line":16,"column":67}}]},"2":{"loc":{"start":{"line":21,"column":16},"end":{"line":21,"column":55}},"type":"cond-expr","locations":[{"start":{"line":21,"column":27},"end":{"line":21,"column":43}},{"start":{"line":21,"column":46},"end":{"line":21,"column":55}}]},"3":{"loc":{"start":{"line":22,"column":16},"end":{"line":22,"column":55}},"type":"cond-expr","locations":[{"start":{"line":22,"column":27},"end":{"line":22,"column":43}},{"start":{"line":22,"column":46},"end":{"line":22,"column":55}}]},"4":{"loc":{"start":{"line":6,"column":65},"end":{"line":6,"column":79}},"type":"cond-expr","locations":[{"start":{"line":6,"column":76},"end":{"line":6,"column":79}},{"start":{"line":6,"column":76},"end":{"line":6,"column":79}}]},"5":{"loc":{"start":{"line":6,"column":65},"end":{"line":6,"column":76}},"type":"binary-expr","locations":[{"start":{"line":6,"column":65},"end":{"line":6,"column":79}},{"start":{"line":6,"column":65},"end":{"line":6,"column":76}}]}},"s":{"0":4,"1":4,"2":4,"3":12,"4":4,"5":4,"6":4},"f":{"0":4,"1":4,"2":12},"b":{"0":[1,11],"1":[12,1],"2":[0,4],"3":[0,4],"4":[4,0],"5":[4,4]}}
,"/Users/sarab/Documents/resturantApp/backend/src/menu/menu.module.ts": {"path":"/Users/sarab/Documents/resturantApp/backend/src/menu/menu.module.ts","statementMap":{"0":{"start":{"line":10,"column":7},"end":{"line":10,"column":null}},"1":{"start":{"line":10,"column":13},"end":{"line":10,"column":null}}},"fnMap":{},"branchMap":{},"s":{"0":4,"1":4},"f":{},"b":{}}
,"/Users/sarab/Documents/resturantApp/backend/src/menu/menu.service.ts": {"path":"/Users/sarab/Documents/resturantApp/backend/src/menu/menu.service.ts","statementMap":{"0":{"start":{"line":6,"column":42},"end":{"line":574,"column":2}},"1":{"start":{"line":576,"column":41},"end":{"line":591,"column":2}},"2":{"start":{"line":594,"column":7},"end":{"line":663,"column":null}},"3":{"start":{"line":595,"column":31},"end":{"line":595,"column":39}},"4":{"start":{"line":598,"column":18},"end":{"line":598,"column":52}},"5":{"start":{"line":599,"column":4},"end":{"line":611,"column":5}},"6":{"start":{"line":600,"column":6},"end":{"line":610,"column":9}},"7":{"start":{"line":603,"column":13},"end":{"line":608,"column":null}},"8":{"start":{"line":621,"column":18},"end":{"line":621,"column":55}},"9":{"start":{"line":622,"column":4},"end":{"line":644,"column":9}},"10":{"start":{"line":623,"column":34},"end":{"line":631,"column":8}},"11":{"start":{"line":633,"column":23},"end":{"line":633,"column":59}},"12":{"start":{"line":635,"column":10},"end":{"line":637,"column":57}},"13":{"start":{"line":638,"column":32},"end":{"line":638,"column":88}},"14":{"start":{"line":640,"column":10},"end":{"line":640,"column":83}},"15":{"start":{"line":641,"column":27},"end":{"line":641,"column":86}},"16":{"start":{"line":642,"column":27},"end":{"line":642,"column":86}},"17":{"start":{"line":643,"column":8},"end":{"line":643,"column":94}},"18":{"start":{"line":648,"column":17},"end":{"line":648,"column":73}},"19":{"start":{"line":649,"column":4},"end":{"line":649,"column":32}},"20":{"start":{"line":649,"column":15},"end":{"line":649,"column":32}},"21":{"start":{"line":650,"column":4},"end":{"line":654,"column":6}},"22":{"start":{"line":658,"column":4},"end":{"line":661,"column":7}},"23":{"start":{"line":594,"column":13},"end":{"line":663,"column":null}}},"fnMap":{"0":{"name":"(anonymous_2)","decl":{"start":{"line":595,"column":2},"end":{"line":595,"column":31}},"loc":{"start":{"line":595,"column":52},"end":{"line":595,"column":56}}},"1":{"name":"(anonymous_3)","decl":{"start":{"line":597,"column":2},"end":{"line":597,"column":7}},"loc":{"start":{"line":597,"column":20},"end":{"line":612,"column":3}}},"2":{"name":"(anonymous_4)","decl":{"start":{"line":602,"column":10},"end":{"line":602,"column":11}},"loc":{"start":{"line":603,"column":13},"end":{"line":608,"column":null}}},"3":{"name":"(anonymous_5)","decl":{"start":{"line":614,"column":2},"end":{"line":614,"column":7}},"loc":{"start":{"line":620,"column":3},"end":{"line":645,"column":3}}},"4":{"name":"(anonymous_6)","decl":{"start":{"line":623,"column":21},"end":{"line":623,"column":22}},"loc":{"start":{"line":623,"column":34},"end":{"line":631,"column":8}}},"5":{"name":"(anonymous_7)","decl":{"start":{"line":632,"column":14},"end":{"line":632,"column":15}},"loc":{"start":{"line":632,"column":28},"end":{"line":644,"column":7}}},"6":{"name":"(anonymous_8)","decl":{"start":{"line":647,"column":2},"end":{"line":647,"column":7}},"loc":{"start":{"line":647,"column":22},"end":{"line":655,"column":3}}},"7":{"name":"(anonymous_9)","decl":{"start":{"line":657,"column":2},"end":{"line":657,"column":7}},"loc":{"start":{"line":657,"column":45},"end":{"line":662,"column":3}}}},"branchMap":{"0":{"loc":{"start":{"line":599,"column":4},"end":{"line":611,"column":5}},"type":"if","locations":[{"start":{"line":599,"column":4},"end":{"line":611,"column":5}}]},"1":{"loc":{"start":{"line":607,"column":37},"end":{"line":607,"column":51}},"type":"binary-expr","locations":[{"start":{"line":607,"column":37},"end":{"line":607,"column":45}},{"start":{"line":607,"column":49},"end":{"line":607,"column":51}}]},"2":{"loc":{"start":{"line":626,"column":10},"end":{"line":628,"column":24}},"type":"cond-expr","locations":[{"start":{"line":627,"column":14},"end":{"line":627,"column":128}},{"start":{"line":628,"column":14},"end":{"line":628,"column":24}}]},"3":{"loc":{"start":{"line":626,"column":10},"end":{"line":626,"column":57}},"type":"binary-expr","locations":[{"start":{"line":626,"column":10},"end":{"line":626,"column":21}},{"start":{"line":626,"column":25},"end":{"line":626,"column":57}}]},"4":{"loc":{"start":{"line":627,"column":14},"end":{"line":627,"column":128}},"type":"binary-expr","locations":[{"start":{"line":627,"column":14},"end":{"line":627,"column":30}},{"start":{"line":627,"column":34},"end":{"line":627,"column":128}}]},"5":{"loc":{"start":{"line":629,"column":28},"end":{"line":629,"column":45}},"type":"binary-expr","locations":[{"start":{"line":629,"column":28},"end":{"line":629,"column":37}},{"start":{"line":629,"column":41},"end":{"line":629,"column":45}}]},"6":{"loc":{"start":{"line":630,"column":16},"end":{"line":630,"column":52}},"type":"cond-expr","locations":[{"start":{"line":630,"column":27},"end":{"line":630,"column":47}},{"start":{"line":630,"column":50},"end":{"line":630,"column":52}}]},"7":{"loc":{"start":{"line":633,"column":23},"end":{"line":633,"column":59}},"type":"binary-expr","locations":[{"start":{"line":633,"column":23},"end":{"line":633,"column":53}},{"start":{"line":633,"column":57},"end":{"line":633,"column":59}}]},"8":{"loc":{"start":{"line":635,"column":10},"end":{"line":637,"column":57}},"type":"binary-expr","locations":[{"start":{"line":635,"column":10},"end":{"line":635,"column":17}},{"start":{"line":636,"column":10},"end":{"line":636,"column":50}},{"start":{"line":637,"column":10},"end":{"line":637,"column":57}}]},"9":{"loc":{"start":{"line":638,"column":32},"end":{"line":638,"column":88}},"type":"binary-expr","locations":[{"start":{"line":638,"column":32},"end":{"line":638,"column":50}},{"start":{"line":638,"column":54},"end":{"line":638,"column":88}}]},"10":{"loc":{"start":{"line":640,"column":10},"end":{"line":640,"column":83}},"type":"binary-expr","locations":[{"start":{"line":640,"column":10},"end":{"line":640,"column":27}},{"start":{"line":640,"column":32},"end":{"line":640,"column":83}}]},"11":{"loc":{"start":{"line":641,"column":27},"end":{"line":641,"column":86}},"type":"binary-expr","locations":[{"start":{"line":641,"column":27},"end":{"line":641,"column":52}},{"start":{"line":641,"column":56},"end":{"line":641,"column":86}}]},"12":{"loc":{"start":{"line":642,"column":27},"end":{"line":642,"column":86}},"type":"binary-expr","locations":[{"start":{"line":642,"column":27},"end":{"line":642,"column":52}},{"start":{"line":642,"column":56},"end":{"line":642,"column":86}}]},"13":{"loc":{"start":{"line":643,"column":15},"end":{"line":643,"column":93}},"type":"binary-expr","locations":[{"start":{"line":643,"column":15},"end":{"line":643,"column":28}},{"start":{"line":643,"column":32},"end":{"line":643,"column":47}},{"start":{"line":643,"column":51},"end":{"line":643,"column":65}},{"start":{"line":643,"column":69},"end":{"line":643,"column":79}},{"start":{"line":643,"column":83},"end":{"line":643,"column":93}}]},"14":{"loc":{"start":{"line":649,"column":4},"end":{"line":649,"column":32}},"type":"if","locations":[{"start":{"line":649,"column":4},"end":{"line":649,"column":32}}]},"15":{"loc":{"start":{"line":652,"column":26},"end":{"line":652,"column":46}},"type":"binary-expr","locations":[{"start":{"line":652,"column":26},"end":{"line":652,"column":38}},{"start":{"line":652,"column":42},"end":{"line":652,"column":46}}]},"16":{"loc":{"start":{"line":653,"column":14},"end":{"line":653,"column":56}},"type":"cond-expr","locations":[{"start":{"line":653,"column":28},"end":{"line":653,"column":51}},{"start":{"line":653,"column":54},"end":{"line":653,"column":56}}]},"17":{"loc":{"start":{"line":595,"column":39},"end":{"line":595,"column":55}},"type":"cond-expr","locations":[{"start":{"line":595,"column":52},"end":{"line":595,"column":55}},{"start":{"line":595,"column":52},"end":{"line":595,"column":55}}]},"18":{"loc":{"start":{"line":595,"column":39},"end":{"line":595,"column":52}},"type":"binary-expr","locations":[{"start":{"line":595,"column":39},"end":{"line":595,"column":55}},{"start":{"line":595,"column":39},"end":{"line":595,"column":52}}]}},"s":{"0":5,"1":5,"2":5,"3":7,"4":4,"5":4,"6":0,"7":0,"8":7,"9":7,"10":223,"11":223,"12":223,"13":223,"14":223,"15":223,"16":223,"17":223,"18":3,"19":3,"20":0,"21":3,"22":0,"23":5},"f":{"0":7,"1":4,"2":0,"3":7,"4":223,"5":223,"6":3,"7":0},"b":{"0":[0],"1":[0,0],"2":[3,220],"3":[223,220],"4":[3,3],"5":[223,0],"6":[223,0],"7":[223,223],"8":[223,0,0],"9":[223,55],"10":[223,0],"11":[223,0],"12":[223,0],"13":[223,223,178,178,178],"14":[0],"15":[3,0],"16":[3,0],"17":[5,0],"18":[5,5]}}
,"/Users/sarab/Documents/resturantApp/backend/src/orders/orders.controller.ts": {"path":"/Users/sarab/Documents/resturantApp/backend/src/orders/orders.controller.ts","statementMap":{"0":{"start":{"line":8,"column":7},"end":{"line":32,"column":null}},"1":{"start":{"line":9,"column":31},"end":{"line":9,"column":39}},"2":{"start":{"line":13,"column":4},"end":{"line":13,"column":35}},"3":{"start":{"line":19,"column":4},"end":{"line":19,"column":30}},"4":{"start":{"line":24,"column":4},"end":{"line":24,"column":31}},"5":{"start":{"line":30,"column":4},"end":{"line":30,"column":45}},"6":{"start":{"line":12,"column":2},"end":{"line":14,"column":null}},"7":{"start":{"line":18,"column":2},"end":{"line":20,"column":null}},"8":{"start":{"line":23,"column":2},"end":{"line":25,"column":null}},"9":{"start":{"line":29,"column":2},"end":{"line":31,"column":null}},"10":{"start":{"line":8,"column":13},"end":{"line":32,"column":null}}},"fnMap":{"0":{"name":"(anonymous_4)","decl":{"start":{"line":9,"column":2},"end":{"line":9,"column":31}},"loc":{"start":{"line":9,"column":52},"end":{"line":9,"column":56}}},"1":{"name":"(anonymous_5)","decl":{"start":{"line":12,"column":2},"end":{"line":12,"column":8}},"loc":{"start":{"line":12,"column":36},"end":{"line":14,"column":3}}},"2":{"name":"(anonymous_6)","decl":{"start":{"line":18,"column":2},"end":{"line":18,"column":6}},"loc":{"start":{"line":18,"column":6},"end":{"line":20,"column":3}}},"3":{"name":"(anonymous_7)","decl":{"start":{"line":23,"column":2},"end":{"line":23,"column":5}},"loc":{"start":{"line":23,"column":29},"end":{"line":25,"column":3}}},"4":{"name":"(anonymous_8)","decl":{"start":{"line":29,"column":2},"end":{"line":29,"column":14}},"loc":{"start":{"line":29,"column":68},"end":{"line":31,"column":3}}}},"branchMap":{"0":{"loc":{"start":{"line":12,"column":22},"end":{"line":12,"column":null}},"type":"cond-expr","locations":[{"start":{"line":12,"column":36},"end":{"line":12,"column":null}},{"start":{"line":12,"column":36},"end":{"line":12,"column":null}}]},"1":{"loc":{"start":{"line":12,"column":22},"end":{"line":12,"column":36}},"type":"binary-expr","locations":[{"start":{"line":12,"column":22},"end":{"line":12,"column":null}},{"start":{"line":12,"column":22},"end":{"line":12,"column":36}}]},"2":{"loc":{"start":{"line":29,"column":53},"end":{"line":29,"column":null}},"type":"cond-expr","locations":[{"start":{"line":29,"column":68},"end":{"line":29,"column":null}},{"start":{"line":29,"column":68},"end":{"line":29,"column":null}}]},"3":{"loc":{"start":{"line":29,"column":53},"end":{"line":29,"column":68}},"type":"binary-expr","locations":[{"start":{"line":29,"column":53},"end":{"line":29,"column":null}},{"start":{"line":29,"column":53},"end":{"line":29,"column":68}}]},"4":{"loc":{"start":{"line":9,"column":39},"end":{"line":9,"column":55}},"type":"cond-expr","locations":[{"start":{"line":9,"column":52},"end":{"line":9,"column":55}},{"start":{"line":9,"column":52},"end":{"line":9,"column":55}}]},"5":{"loc":{"start":{"line":9,"column":39},"end":{"line":9,"column":52}},"type":"binary-expr","locations":[{"start":{"line":9,"column":39},"end":{"line":9,"column":55}},{"start":{"line":9,"column":39},"end":{"line":9,"column":52}}]}},"s":{"0":4,"1":4,"2":2,"3":0,"4":1,"5":2,"6":4,"7":4,"8":4,"9":4,"10":4},"f":{"0":4,"1":2,"2":0,"3":1,"4":2},"b":{"0":[4,0],"1":[4,4],"2":[4,0],"3":[4,4],"4":[4,0],"5":[4,4]}}
,"/Users/sarab/Documents/resturantApp/backend/src/orders/orders.gateway.ts": {"path":"/Users/sarab/Documents/resturantApp/backend/src/orders/orders.gateway.ts","statementMap":{"0":{"start":{"line":9,"column":7},"end":{"line":25,"column":null}},"1":{"start":{"line":14,"column":4},"end":{"line":14,"column":29}},"2":{"start":{"line":14,"column":22},"end":{"line":14,"column":29}},"3":{"start":{"line":15,"column":4},"end":{"line":15,"column":58}},"4":{"start":{"line":16,"column":4},"end":{"line":16,"column":44}},"5":{"start":{"line":20,"column":20},"end":{"line":20,"column":72}},"6":{"start":{"line":21,"column":4},"end":{"line":23,"column":5}},"7":{"start":{"line":22,"column":6},"end":{"line":22,"column":27}},"8":{"start":{"line":11,"column":2},"end":{"line":11,"column":null}},"9":{"start":{"line":9,"column":13},"end":{"line":25,"column":null}}},"fnMap":{"0":{"name":"(anonymous_2)","decl":{"start":{"line":13,"column":2},"end":{"line":13,"column":9}},"loc":{"start":{"line":13,"column":22},"end":{"line":17,"column":3}}},"1":{"name":"(anonymous_3)","decl":{"start":{"line":19,"column":2},"end":{"line":19,"column":18}},"loc":{"start":{"line":19,"column":30},"end":{"line":24,"column":3}}}},"branchMap":{"0":{"loc":{"start":{"line":14,"column":4},"end":{"line":14,"column":29}},"type":"if","locations":[{"start":{"line":14,"column":4},"end":{"line":14,"column":29}}]},"1":{"loc":{"start":{"line":21,"column":4},"end":{"line":23,"column":5}},"type":"if","locations":[{"start":{"line":21,"column":4},"end":{"line":23,"column":5}}]},"2":{"loc":{"start":{"line":11,"column":11},"end":{"line":11,"column":18}},"type":"cond-expr","locations":[{"start":{"line":11,"column":17},"end":{"line":11,"column":18}},{"start":{"line":11,"column":17},"end":{"line":11,"column":18}}]},"3":{"loc":{"start":{"line":11,"column":11},"end":{"line":11,"column":17}},"type":"binary-expr","locations":[{"start":{"line":11,"column":11},"end":{"line":11,"column":18}},{"start":{"line":11,"column":11},"end":{"line":11,"column":17}}]}},"s":{"0":5,"1":3,"2":0,"3":3,"4":3,"5":0,"6":0,"7":0,"8":5,"9":5},"f":{"0":3,"1":0},"b":{"0":[0],"1":[0],"2":[5,0],"3":[5,5]}}
,"/Users/sarab/Documents/resturantApp/backend/src/orders/orders.module.ts": {"path":"/Users/sarab/Documents/resturantApp/backend/src/orders/orders.module.ts","statementMap":{"0":{"start":{"line":14,"column":7},"end":{"line":14,"column":null}},"1":{"start":{"line":14,"column":13},"end":{"line":14,"column":null}}},"fnMap":{},"branchMap":{},"s":{"0":4,"1":4},"f":{},"b":{}}
,"/Users/sarab/Documents/resturantApp/backend/src/orders/orders.service.ts": {"path":"/Users/sarab/Documents/resturantApp/backend/src/orders/orders.service.ts","statementMap":{"0":{"start":{"line":10,"column":17},"end":{"line":10,"column":21}},"1":{"start":{"line":11,"column":63},"end":{"line":17,"column":2}},"2":{"start":{"line":20,"column":7},"end":{"line":165,"column":null}},"3":{"start":{"line":22,"column":21},"end":{"line":22,"column":27}},"4":{"start":{"line":23,"column":21},"end":{"line":23,"column":30}},"5":{"start":{"line":24,"column":21},"end":{"line":24,"column":29}},"6":{"start":{"line":28,"column":4},"end":{"line":30,"column":5}},"7":{"start":{"line":29,"column":6},"end":{"line":29,"column":78}},"8":{"start":{"line":32,"column":20},"end":{"line":32,"column":26}},"9":{"start":{"line":33,"column":30},"end":{"line":33,"column":68}},"10":{"start":{"line":34,"column":16},"end":{"line":34,"column":40}},"11":{"start":{"line":36,"column":18},"end":{"line":110,"column":6}},"12":{"start":{"line":38,"column":18},"end":{"line":38,"column":57}},"13":{"start":{"line":38,"column":44},"end":{"line":38,"column":56}},"14":{"start":{"line":39,"column":24},"end":{"line":39,"column":82}},"15":{"start":{"line":40,"column":22},"end":{"line":40,"column":67}},"16":{"start":{"line":40,"column":56},"end":{"line":40,"column":65}},"17":{"start":{"line":42,"column":21},"end":{"line":42,"column":22}},"18":{"start":{"line":43,"column":25},"end":{"line":43,"column":30}},"19":{"start":{"line":44,"column":81},"end":{"line":68,"column":null}},"20":{"start":{"line":46,"column":32},"end":{"line":46,"column":60}},"21":{"start":{"line":47,"column":10},"end":{"line":49,"column":11}},"22":{"start":{"line":48,"column":12},"end":{"line":48,"column":85}},"23":{"start":{"line":50,"column":10},"end":{"line":52,"column":11}},"24":{"start":{"line":51,"column":12},"end":{"line":51,"column":84}},"25":{"start":{"line":53,"column":25},"end":{"line":53,"column":75}},"26":{"start":{"line":55,"column":12},"end":{"line":59,"column":22}},"27":{"start":{"line":56,"column":28},"end":{"line":56,"column":64}},"28":{"start":{"line":56,"column":52},"end":{"line":56,"column":63}},"29":{"start":{"line":57,"column":14},"end":{"line":57,"column":101}},"30":{"start":{"line":57,"column":26},"end":{"line":57,"column":101}},"31":{"start":{"line":58,"column":14},"end":{"line":58,"column":39}},"32":{"start":{"line":61,"column":28},"end":{"line":61,"column":42}},"33":{"start":{"line":62,"column":10},"end":{"line":62,"column":63}},"34":{"start":{"line":63,"column":29},"end":{"line":63,"column":85}},"35":{"start":{"line":63,"column":64},"end":{"line":63,"column":84}},"36":{"start":{"line":64,"column":10},"end":{"line":66,"column":11}},"37":{"start":{"line":65,"column":12},"end":{"line":65,"column":32}},"38":{"start":{"line":67,"column":10},"end":{"line":67,"column":52}},"39":{"start":{"line":71,"column":18},"end":{"line":71,"column":58}},"40":{"start":{"line":72,"column":20},"end":{"line":72,"column":55}},"41":{"start":{"line":74,"column":6},"end":{"line":76,"column":7}},"42":{"start":{"line":75,"column":8},"end":{"line":75,"column":94}},"43":{"start":{"line":78,"column":6},"end":{"line":89,"column":7}},"44":{"start":{"line":80,"column":8},"end":{"line":88,"column":9}},"45":{"start":{"line":81,"column":22},"end":{"line":84,"column":12}},"46":{"start":{"line":85,"column":10},"end":{"line":87,"column":11}},"47":{"start":{"line":86,"column":12},"end":{"line":86,"column":86}},"48":{"start":{"line":91,"column":34},"end":{"line":91,"column":75}},"49":{"start":{"line":92,"column":25},"end":{"line":92,"column":84}},"50":{"start":{"line":94,"column":22},"end":{"line":107,"column":8}},"51":{"start":{"line":109,"column":6},"end":{"line":109,"column":21}},"52":{"start":{"line":112,"column":19},"end":{"line":112,"column":41}},"53":{"start":{"line":113,"column":4},"end":{"line":113,"column":33}},"54":{"start":{"line":114,"column":4},"end":{"line":114,"column":18}},"55":{"start":{"line":118,"column":19},"end":{"line":118,"column":87}},"56":{"start":{"line":119,"column":4},"end":{"line":119,"column":49}},"57":{"start":{"line":119,"column":29},"end":{"line":119,"column":47}},"58":{"start":{"line":123,"column":18},"end":{"line":123,"column":71}},"59":{"start":{"line":124,"column":4},"end":{"line":124,"column":63}},"60":{"start":{"line":124,"column":16},"end":{"line":124,"column":63}},"61":{"start":{"line":125,"column":4},"end":{"line":125,"column":34}},"62":{"start":{"line":129,"column":20},"end":{"line":129,"column":73}},"63":{"start":{"line":130,"column":4},"end":{"line":130,"column":65}},"64":{"start":{"line":130,"column":18},"end":{"line":130,"column":65}},"65":{"start":{"line":131,"column":26},"end":{"line":131,"column":50}},"66":{"start":{"line":132,"column":4},"end":{"line":134,"column":5}},"67":{"start":{"line":133,"column":6},"end":{"line":133,"column":72}},"68":{"start":{"line":135,"column":4},"end":{"line":139,"column":5}},"69":{"start":{"line":136,"column":6},"end":{"line":138,"column":8}},"70":{"start":{"line":140,"column":20},"end":{"line":143,"column":6}},"71":{"start":{"line":144,"column":19},"end":{"line":144,"column":43}},"72":{"start":{"line":145,"column":4},"end":{"line":145,"column":33}},"73":{"start":{"line":146,"column":4},"end":{"line":146,"column":18}},"74":{"start":{"line":150,"column":4},"end":{"line":163,"column":6}},"75":{"start":{"line":20,"column":13},"end":{"line":165,"column":null}}},"fnMap":{"0":{"name":"(anonymous_2)","decl":{"start":{"line":21,"column":2},"end":{"line":21,"column":null}},"loc":{"start":{"line":24,"column":42},"end":{"line":25,"column":6}}},"1":{"name":"(anonymous_3)","decl":{"start":{"line":27,"column":2},"end":{"line":27,"column":7}},"loc":{"start":{"line":27,"column":34},"end":{"line":115,"column":3}}},"2":{"name":"(anonymous_4)","decl":{"start":{"line":36,"column":49},"end":{"line":36,"column":54}},"loc":{"start":{"line":36,"column":67},"end":{"line":110,"column":5}}},"3":{"name":"(anonymous_5)","decl":{"start":{"line":38,"column":32},"end":{"line":38,"column":33}},"loc":{"start":{"line":38,"column":44},"end":{"line":38,"column":56}}},"4":{"name":"(anonymous_6)","decl":{"start":{"line":40,"column":44},"end":{"line":40,"column":45}},"loc":{"start":{"line":40,"column":56},"end":{"line":40,"column":65}}},"5":{"name":"(anonymous_7)","decl":{"start":{"line":45,"column":8},"end":{"line":45,"column":9}},"loc":{"start":{"line":45,"column":22},"end":{"line":68,"column":9}}},"6":{"name":"(anonymous_8)","decl":{"start":{"line":55,"column":34},"end":{"line":55,"column":35}},"loc":{"start":{"line":55,"column":62},"end":{"line":59,"column":13}}},"7":{"name":"(anonymous_9)","decl":{"start":{"line":56,"column":40},"end":{"line":56,"column":41}},"loc":{"start":{"line":56,"column":52},"end":{"line":56,"column":63}}},"8":{"name":"(anonymous_10)","decl":{"start":{"line":63,"column":52},"end":{"line":63,"column":53}},"loc":{"start":{"line":63,"column":64},"end":{"line":63,"column":84}}},"9":{"name":"(anonymous_11)","decl":{"start":{"line":117,"column":2},"end":{"line":117,"column":7}},"loc":{"start":{"line":117,"column":12},"end":{"line":120,"column":3}}},"10":{"name":"(anonymous_12)","decl":{"start":{"line":119,"column":22},"end":{"line":119,"column":23}},"loc":{"start":{"line":119,"column":29},"end":{"line":119,"column":47}}},"11":{"name":"(anonymous_13)","decl":{"start":{"line":122,"column":2},"end":{"line":122,"column":7}},"loc":{"start":{"line":122,"column":22},"end":{"line":126,"column":3}}},"12":{"name":"(anonymous_14)","decl":{"start":{"line":128,"column":2},"end":{"line":128,"column":7}},"loc":{"start":{"line":128,"column":53},"end":{"line":147,"column":3}}},"13":{"name":"(anonymous_15)","decl":{"start":{"line":149,"column":10},"end":{"line":149,"column":20}},"loc":{"start":{"line":149,"column":29},"end":{"line":164,"column":3}}}},"branchMap":{"0":{"loc":{"start":{"line":28,"column":4},"end":{"line":30,"column":5}},"type":"if","locations":[{"start":{"line":28,"column":4},"end":{"line":30,"column":5}}]},"1":{"loc":{"start":{"line":47,"column":10},"end":{"line":49,"column":11}},"type":"if","locations":[{"start":{"line":47,"column":10},"end":{"line":49,"column":11}}]},"2":{"loc":{"start":{"line":47,"column":14},"end":{"line":47,"column":46}},"type":"binary-expr","locations":[{"start":{"line":47,"column":14},"end":{"line":47,"column":23}},{"start":{"line":47,"column":27},"end":{"line":47,"column":46}}]},"3":{"loc":{"start":{"line":50,"column":10},"end":{"line":52,"column":11}},"type":"if","locations":[{"start":{"line":50,"column":10},"end":{"line":52,"column":11}}]},"4":{"loc":{"start":{"line":53,"column":25},"end":{"line":53,"column":75}},"type":"cond-expr","locations":[{"start":{"line":53,"column":43},"end":{"line":53,"column":70}},{"start":{"line":53,"column":73},"end":{"line":53,"column":75}}]},"5":{"loc":{"start":{"line":55,"column":12},"end":{"line":59,"column":22}},"type":"binary-expr","locations":[{"start":{"line":55,"column":12},"end":{"line":59,"column":17}},{"start":{"line":59,"column":21},"end":{"line":59,"column":22}}]},"6":{"loc":{"start":{"line":57,"column":14},"end":{"line":57,"column":101}},"type":"if","locations":[{"start":{"line":57,"column":14},"end":{"line":57,"column":101}}]},"7":{"loc":{"start":{"line":64,"column":10},"end":{"line":66,"column":11}},"type":"if","locations":[{"start":{"line":64,"column":10},"end":{"line":66,"column":11}}]},"8":{"loc":{"start":{"line":64,"column":14},"end":{"line":64,"column":104}},"type":"binary-expr","locations":[{"start":{"line":64,"column":14},"end":{"line":64,"column":24}},{"start":{"line":64,"column":29},"end":{"line":64,"column":64}},{"start":{"line":64,"column":68},"end":{"line":64,"column":103}}]},"9":{"loc":{"start":{"line":74,"column":6},"end":{"line":76,"column":7}},"type":"if","locations":[{"start":{"line":74,"column":6},"end":{"line":76,"column":7}}]},"10":{"loc":{"start":{"line":78,"column":6},"end":{"line":89,"column":7}},"type":"if","locations":[{"start":{"line":78,"column":6},"end":{"line":89,"column":7}}]},"11":{"loc":{"start":{"line":85,"column":10},"end":{"line":87,"column":11}},"type":"if","locations":[{"start":{"line":85,"column":10},"end":{"line":87,"column":11}}]},"12":{"loc":{"start":{"line":91,"column":34},"end":{"line":91,"column":75}},"type":"cond-expr","locations":[{"start":{"line":91,"column":54},"end":{"line":91,"column":62}},{"start":{"line":91,"column":65},"end":{"line":91,"column":75}}]},"13":{"loc":{"start":{"line":92,"column":25},"end":{"line":92,"column":84}},"type":"cond-expr","locations":[{"start":{"line":92,"column":45},"end":{"line":92,"column":54}},{"start":{"line":92,"column":57},"end":{"line":92,"column":84}}]},"14":{"loc":{"start":{"line":124,"column":4},"end":{"line":124,"column":63}},"type":"if","locations":[{"start":{"line":124,"column":4},"end":{"line":124,"column":63}}]},"15":{"loc":{"start":{"line":130,"column":4},"end":{"line":130,"column":65}},"type":"if","locations":[{"start":{"line":130,"column":4},"end":{"line":130,"column":65}}]},"16":{"loc":{"start":{"line":132,"column":4},"end":{"line":134,"column":5}},"type":"if","locations":[{"start":{"line":132,"column":4},"end":{"line":134,"column":5}}]},"17":{"loc":{"start":{"line":132,"column":8},"end":{"line":132,"column":68}},"type":"binary-expr","locations":[{"start":{"line":132,"column":8},"end":{"line":132,"column":27}},{"start":{"line":132,"column":31},"end":{"line":132,"column":68}}]},"18":{"loc":{"start":{"line":135,"column":4},"end":{"line":139,"column":5}},"type":"if","locations":[{"start":{"line":135,"column":4},"end":{"line":139,"column":5}}]},"19":{"loc":{"start":{"line":156,"column":27},"end":{"line":156,"column":47}},"type":"binary-expr","locations":[{"start":{"line":156,"column":27},"end":{"line":156,"column":39}},{"start":{"line":156,"column":43},"end":{"line":156,"column":47}}]},"20":{"loc":{"start":{"line":157,"column":24},"end":{"line":157,"column":41}},"type":"binary-expr","locations":[{"start":{"line":157,"column":24},"end":{"line":157,"column":33}},{"start":{"line":157,"column":37},"end":{"line":157,"column":41}}]},"21":{"loc":{"start":{"line":158,"column":17},"end":{"line":158,"column":63}},"type":"binary-expr","locations":[{"start":{"line":158,"column":17},"end":{"line":158,"column":46}},{"start":{"line":158,"column":50},"end":{"line":158,"column":63}}]},"22":{"loc":{"start":{"line":159,"column":17},"end":{"line":159,"column":63}},"type":"binary-expr","locations":[{"start":{"line":159,"column":17},"end":{"line":159,"column":46}},{"start":{"line":159,"column":50},"end":{"line":159,"column":63}}]},"23":{"loc":{"start":{"line":22,"column":27},"end":{"line":22,"column":null}},"type":"cond-expr","locations":[{"start":{"line":22,"column":38},"end":{"line":22,"column":null}},{"start":{"line":22,"column":38},"end":{"line":22,"column":null}}]},"24":{"loc":{"start":{"line":22,"column":27},"end":{"line":22,"column":38}},"type":"binary-expr","locations":[{"start":{"line":22,"column":27},"end":{"line":22,"column":null}},{"start":{"line":22,"column":27},"end":{"line":22,"column":38}}]},"25":{"loc":{"start":{"line":22,"column":38},"end":{"line":23,"column":null}},"type":"cond-expr","locations":[{"start":{"line":23,"column":43},"end":{"line":23,"column":null}},{"start":{"line":23,"column":43},"end":{"line":23,"column":null}}]},"26":{"loc":{"start":{"line":22,"column":38},"end":{"line":23,"column":43}},"type":"binary-expr","locations":[{"start":{"line":22,"column":38},"end":{"line":23,"column":null}},{"start":{"line":23,"column":30},"end":{"line":23,"column":43}}]},"27":{"loc":{"start":{"line":23,"column":43},"end":{"line":24,"column":null}},"type":"cond-expr","locations":[{"start":{"line":24,"column":42},"end":{"line":24,"column":null}},{"start":{"line":24,"column":42},"end":{"line":24,"column":null}}]},"28":{"loc":{"start":{"line":23,"column":43},"end":{"line":24,"column":42}},"type":"binary-expr","locations":[{"start":{"line":23,"column":43},"end":{"line":24,"column":null}},{"start":{"line":24,"column":29},"end":{"line":24,"column":42}}]}},"s":{"0":5,"1":5,"2":5,"3":7,"4":7,"5":7,"6":5,"7":0,"8":5,"9":5,"10":5,"11":5,"12":5,"13":5,"14":5,"15":5,"16":5,"17":5,"18":5,"19":5,"20":5,"21":5,"22":0,"23":5,"24":0,"25":5,"26":5,"27":0,"28":0,"29":0,"30":0,"31":0,"32":5,"33":5,"34":5,"35":0,"36":5,"37":0,"38":5,"39":5,"40":5,"41":5,"42":0,"43":5,"44":4,"45":4,"46":4,"47":0,"48":5,"49":5,"50":5,"51":5,"52":5,"53":5,"54":5,"55":0,"56":0,"57":0,"58":1,"59":1,"60":0,"61":1,"62":3,"63":3,"64":0,"65":3,"66":3,"67":1,"68":2,"69":1,"70":1,"71":1,"72":1,"73":1,"74":10,"75":5},"f":{"0":7,"1":5,"2":5,"3":5,"4":5,"5":5,"6":0,"7":0,"8":0,"9":0,"10":0,"11":1,"12":3,"13":10},"b":{"0":[0],"1":[0],"2":[5,5],"3":[0],"4":[5,0],"5":[5,5],"6":[0],"7":[0],"8":[5,0,0],"9":[0],"10":[4],"11":[0],"12":[1,4],"13":[1,4],"14":[0],"15":[0],"16":[1],"17":[3,2],"18":[1],"19":[10,0],"20":[10,0],"21":[10,0],"22":[10,0],"23":[5,0],"24":[5,5],"25":[5,0],"26":[5,5],"27":[5,0],"28":[5,5]}}
,"/Users/sarab/Documents/resturantApp/backend/src/orders/dto/create-order.dto.ts": {"path":"/Users/sarab/Documents/resturantApp/backend/src/orders/dto/create-order.dto.ts","statementMap":{"0":{"start":{"line":6,"column":2},"end":{"line":6,"column":null}},"1":{"start":{"line":10,"column":2},"end":{"line":10,"column":null}},"2":{"start":{"line":14,"column":2},"end":{"line":14,"column":null}},"3":{"start":{"line":18,"column":2},"end":{"line":18,"column":null}},"4":{"start":{"line":23,"column":2},"end":{"line":23,"column":null}},"5":{"start":{"line":26,"column":2},"end":{"line":26,"column":null}},"6":{"start":{"line":30,"column":2},"end":{"line":30,"column":null}},"7":{"start":{"line":36,"column":2},"end":{"line":36,"column":null}},"8":{"start":{"line":35,"column":14},"end":{"line":35,"column":21}},"9":{"start":{"line":40,"column":2},"end":{"line":40,"column":null}},"10":{"start":{"line":39,"column":14},"end":{"line":39,"column":25}},"11":{"start":{"line":44,"column":2},"end":{"line":44,"column":null}},"12":{"start":{"line":47,"column":2},"end":{"line":47,"column":null}}},"fnMap":{"0":{"name":"(anonymous_2)","decl":{"start":{"line":35,"column":8},"end":{"line":35,"column":11}},"loc":{"start":{"line":35,"column":14},"end":{"line":35,"column":21}}},"1":{"name":"(anonymous_3)","decl":{"start":{"line":39,"column":8},"end":{"line":39,"column":11}},"loc":{"start":{"line":39,"column":14},"end":{"line":39,"column":25}}}},"branchMap":{"0":{"loc":{"start":{"line":47,"column":17},"end":{"line":47,"column":84}},"type":"cond-expr","locations":[{"start":{"line":47,"column":22},"end":{"line":47,"column":84}},{"start":{"line":47,"column":22},"end":{"line":47,"column":84}}]},"1":{"loc":{"start":{"line":47,"column":17},"end":{"line":47,"column":22}},"type":"binary-expr","locations":[{"start":{"line":47,"column":17},"end":{"line":47,"column":84}},{"start":{"line":47,"column":17},"end":{"line":47,"column":22}}]}},"s":{"0":4,"1":4,"2":4,"3":4,"4":4,"5":4,"6":4,"7":4,"8":0,"9":4,"10":0,"11":4,"12":4},"f":{"0":0,"1":0},"b":{"0":[4,0],"1":[4,4]}}
,"/Users/sarab/Documents/resturantApp/backend/src/orders/dto/update-status.dto.ts": {"path":"/Users/sarab/Documents/resturantApp/backend/src/orders/dto/update-status.dto.ts","statementMap":{"0":{"start":{"line":7,"column":2},"end":{"line":7,"column":null}},"1":{"start":{"line":11,"column":2},"end":{"line":11,"column":null}}},"fnMap":{},"branchMap":{},"s":{"0":4,"1":4},"f":{},"b":{}}
,"/Users/sarab/Documents/resturantApp/backend/src/prisma/prisma.module.ts": {"path":"/Users/sarab/Documents/resturantApp/backend/src/prisma/prisma.module.ts","statementMap":{"0":{"start":{"line":9,"column":7},"end":{"line":9,"column":null}},"1":{"start":{"line":9,"column":13},"end":{"line":9,"column":null}}},"fnMap":{},"branchMap":{},"s":{"0":4,"1":4},"f":{},"b":{}}
,"/Users/sarab/Documents/resturantApp/backend/src/prisma/prisma.service.ts": {"path":"/Users/sarab/Documents/resturantApp/backend/src/prisma/prisma.service.ts","statementMap":{"0":{"start":{"line":5,"column":7},"end":{"line":13,"column":null}},"1":{"start":{"line":7,"column":4},"end":{"line":7,"column":26}},"2":{"start":{"line":11,"column":4},"end":{"line":11,"column":29}},"3":{"start":{"line":5,"column":13},"end":{"line":13,"column":null}}},"fnMap":{"0":{"name":"(anonymous_1)","decl":{"start":{"line":6,"column":2},"end":{"line":6,"column":7}},"loc":{"start":{"line":6,"column":20},"end":{"line":8,"column":3}}},"1":{"name":"(anonymous_2)","decl":{"start":{"line":10,"column":2},"end":{"line":10,"column":7}},"loc":{"start":{"line":10,"column":23},"end":{"line":12,"column":3}}}},"branchMap":{},"s":{"0":5,"1":4,"2":4,"3":5},"f":{"0":4,"1":4},"b":{}}
}
