TN:
SF:src/menu/menu.service.ts
FN:639,(anonymous_2)
FN:641,(anonymous_3)
FN:646,(anonymous_4)
FN:658,(anonymous_5)
FN:667,(anonymous_6)
FN:676,(anonymous_7)
FN:691,(anonymous_8)
FN:701,(anonymous_9)
FNF:8
FNH:5
FNDA:3,(anonymous_2)
FNDA:0,(anonymous_3)
FNDA:0,(anonymous_4)
FNDA:3,(anonymous_5)
FNDA:3,(anonymous_6)
FNDA:3,(anonymous_7)
FNDA:3,(anonymous_8)
FNDA:0,(anonymous_9)
DA:1,1
DA:2,1
DA:4,1
DA:6,1
DA:620,1
DA:638,1
DA:639,3
DA:642,0
DA:643,0
DA:644,0
DA:647,0
DA:665,3
DA:666,3
DA:667,3
DA:677,3
DA:679,3
DA:682,3
DA:684,3
DA:685,3
DA:686,3
DA:687,3
DA:692,3
DA:693,3
DA:694,3
DA:702,0
LF:25
LH:20
BRDA:643,0,0,0
BRDA:651,1,0,0
BRDA:651,1,1,0
BRDA:670,2,0,3
BRDA:670,2,1,0
BRDA:670,3,0,3
BRDA:670,3,1,0
BRDA:671,4,0,3
BRDA:671,4,1,3
BRDA:673,5,0,3
BRDA:673,5,1,0
BRDA:674,6,0,3
BRDA:674,6,1,0
BRDA:677,7,0,3
BRDA:677,7,1,3
BRDA:679,8,0,3
BRDA:679,8,1,0
BRDA:679,8,2,0
BRDA:682,9,0,3
BRDA:682,9,1,0
BRDA:684,10,0,3
BRDA:684,10,1,0
BRDA:685,11,0,3
BRDA:685,11,1,0
BRDA:686,12,0,3
BRDA:686,12,1,0
BRDA:687,13,0,3
BRDA:687,13,1,3
BRDA:687,13,2,3
BRDA:687,13,3,3
BRDA:687,13,4,3
BRDA:693,14,0,0
BRDA:696,15,0,3
BRDA:696,15,1,0
BRDA:697,16,0,3
BRDA:697,16,1,0
BRF:36
BRH:20
end_of_record
TN:
SF:src/orders/orders.gateway.ts
FN:13,(anonymous_2)
FN:19,(anonymous_3)
FNF:2
FNH:0
FNDA:0,(anonymous_2)
FNDA:0,(anonymous_3)
DA:1,1
DA:2,1
DA:9,1
DA:11,1
DA:14,0
DA:15,0
DA:16,0
DA:20,0
DA:21,0
DA:22,0
LF:10
LH:4
BRDA:14,0,0,0
BRDA:21,1,0,0
BRF:2
BRH:0
end_of_record
TN:
SF:src/orders/orders.service.ts
FN:21,(anonymous_2)
FN:27,(anonymous_3)
FN:36,(anonymous_4)
FN:38,(anonymous_5)
FN:40,(anonymous_6)
FN:45,(anonymous_7)
FN:55,(anonymous_8)
FN:56,(anonymous_9)
FN:63,(anonymous_10)
FN:117,(anonymous_11)
FN:119,(anonymous_12)
FN:122,(anonymous_13)
FN:128,(anonymous_14)
FN:149,(anonymous_15)
FNF:14
FNH:8
FNDA:3,(anonymous_2)
FNDA:3,(anonymous_3)
FNDA:3,(anonymous_4)
FNDA:3,(anonymous_5)
FNDA:3,(anonymous_6)
FNDA:3,(anonymous_7)
FNDA:0,(anonymous_8)
FNDA:0,(anonymous_9)
FNDA:0,(anonymous_10)
FNDA:0,(anonymous_11)
FNDA:0,(anonymous_12)
FNDA:0,(anonymous_13)
FNDA:1,(anonymous_14)
FNDA:4,(anonymous_15)
DA:1,1
DA:2,1
DA:3,1
DA:7,1
DA:8,1
DA:10,1
DA:11,1
DA:20,1
DA:22,3
DA:23,3
DA:24,3
DA:28,3
DA:29,0
DA:32,3
DA:33,3
DA:34,3
DA:36,3
DA:38,3
DA:39,3
DA:40,3
DA:42,3
DA:43,3
DA:44,3
DA:46,3
DA:47,3
DA:48,0
DA:50,3
DA:51,0
DA:53,3
DA:55,3
DA:56,0
DA:57,0
DA:58,0
DA:61,3
DA:62,3
DA:63,3
DA:64,3
DA:65,0
DA:67,3
DA:71,3
DA:72,3
DA:74,3
DA:75,0
DA:78,3
DA:80,2
DA:81,2
DA:85,2
DA:86,0
DA:91,3
DA:92,3
DA:94,3
DA:109,3
DA:112,3
DA:113,3
DA:114,3
DA:118,0
DA:119,0
DA:123,0
DA:124,0
DA:125,0
DA:129,1
DA:130,1
DA:131,1
DA:132,1
DA:133,0
DA:135,1
DA:136,1
DA:140,0
DA:144,0
DA:145,0
DA:146,0
DA:150,4
LF:72
LH:53
BRDA:28,0,0,0
BRDA:47,1,0,0
BRDA:47,2,0,3
BRDA:47,2,1,3
BRDA:50,3,0,0
BRDA:53,4,0,3
BRDA:53,4,1,0
BRDA:55,5,0,3
BRDA:55,5,1,3
BRDA:57,6,0,0
BRDA:64,7,0,0
BRDA:64,8,0,3
BRDA:64,8,1,0
BRDA:64,8,2,0
BRDA:74,9,0,0
BRDA:78,10,0,2
BRDA:85,11,0,0
BRDA:91,12,0,1
BRDA:91,12,1,2
BRDA:92,13,0,1
BRDA:92,13,1,2
BRDA:124,14,0,0
BRDA:130,15,0,0
BRDA:132,16,0,0
BRDA:132,17,0,1
BRDA:132,17,1,0
BRDA:135,18,0,1
BRDA:156,19,0,4
BRDA:156,19,1,0
BRDA:157,20,0,4
BRDA:157,20,1,0
BRDA:158,21,0,4
BRDA:158,21,1,0
BRDA:159,22,0,4
BRDA:159,22,1,0
BRF:35
BRH:17
end_of_record
TN:
SF:src/prisma/prisma.service.ts
FN:6,(anonymous_1)
FN:10,(anonymous_2)
FNF:2
FNH:0
FNDA:0,(anonymous_1)
FNDA:0,(anonymous_2)
DA:1,1
DA:2,1
DA:5,1
DA:7,0
DA:11,0
LF:5
LH:3
BRF:0
BRH:0
end_of_record
