TN:
SF:src/app.module.ts
FNF:0
FNH:0
DA:12,4
LF:1
LH:1
BRF:0
BRH:0
end_of_record
TN:
SF:src/auth/auth.controller.ts
FN:6,(anonymous_4)
FN:9,(anonymous_5)
FN:16,(anonymous_6)
FNF:3
FNH:3
FNDA:4,(anonymous_4)
FNDA:3,(anonymous_5)
FNDA:3,(anonymous_6)
DA:5,4
DA:6,4
DA:9,4
DA:10,3
DA:11,3
DA:12,3
DA:16,4
DA:17,3
DA:18,3
DA:19,3
LF:10
LH:10
BRDA:11,0,0,0
BRDA:18,1,0,0
BRDA:19,2,0,3
BRDA:19,2,1,0
BRDA:19,3,0,3
BRDA:19,3,1,0
BRDA:6,4,0,4
BRDA:6,4,1,0
BRDA:6,5,0,4
BRDA:6,5,1,4
BRF:10
BRH:5
end_of_record
TN:
SF:src/auth/auth.module.ts
FNF:0
FNH:0
DA:9,4
LF:1
LH:1
BRF:0
BRH:0
end_of_record
TN:
SF:src/auth/auth.service.ts
FN:6,(anonymous_1)
FN:13,(anonymous_2)
FN:22,(anonymous_3)
FNF:3
FNH:3
FNDA:3,(anonymous_1)
FNDA:2,(anonymous_2)
FNDA:3,(anonymous_3)
DA:5,4
DA:7,3
DA:8,3
DA:9,2
DA:10,2
DA:14,2
DA:15,2
DA:16,2
DA:18,0
DA:23,3
DA:24,3
LF:11
LH:10
BRDA:7,0,0,0
BRDA:8,1,0,1
BRF:2
BRH:1
end_of_record
TN:
SF:src/common/health.controller.ts
FN:6,(anonymous_2)
FNF:1
FNH:0
FNDA:0,(anonymous_2)
DA:4,4
DA:6,4
DA:7,0
LF:3
LH:2
BRF:0
BRH:0
end_of_record
TN:
SF:src/common/jwt-admin.guard.ts
FN:6,(anonymous_2)
FN:8,(anonymous_3)
FNF:2
FNH:2
FNDA:8,(anonymous_2)
FNDA:2,(anonymous_3)
DA:5,4
DA:6,8
DA:9,2
DA:10,2
DA:11,2
DA:12,2
DA:13,2
DA:14,2
DA:15,0
LF:9
LH:8
BRDA:12,0,0,0
BRDA:13,1,0,2
BRDA:13,1,1,0
BRDA:14,2,0,2
BRDA:14,3,0,2
BRDA:14,3,1,2
BRDA:6,4,0,4
BRDA:6,4,1,0
BRDA:6,5,0,4
BRDA:6,5,1,4
BRF:10
BRH:7
end_of_record
TN:
SF:src/menu/menu.controller.ts
FN:6,(anonymous_4)
FN:9,(anonymous_5)
FN:16,(anonymous_6)
FNF:3
FNH:3
FNDA:4,(anonymous_4)
FNDA:4,(anonymous_5)
FNDA:12,(anonymous_6)
DA:5,4
DA:6,4
DA:9,4
DA:16,12
DA:17,4
LF:5
LH:5
BRDA:16,0,0,1
BRDA:16,0,1,11
BRDA:16,1,0,12
BRDA:16,1,1,1
BRDA:21,2,0,0
BRDA:21,2,1,4
BRDA:22,3,0,0
BRDA:22,3,1,4
BRDA:6,4,0,4
BRDA:6,4,1,0
BRDA:6,5,0,4
BRDA:6,5,1,4
BRF:12
BRH:9
end_of_record
TN:
SF:src/menu/menu.module.ts
FNF:0
FNH:0
DA:10,4
LF:1
LH:1
BRF:0
BRH:0
end_of_record
TN:
SF:src/menu/menu.service.ts
FN:595,(anonymous_2)
FN:597,(anonymous_3)
FN:602,(anonymous_4)
FN:614,(anonymous_5)
FN:623,(anonymous_6)
FN:632,(anonymous_7)
FN:647,(anonymous_8)
FN:657,(anonymous_9)
FNF:8
FNH:6
FNDA:7,(anonymous_2)
FNDA:4,(anonymous_3)
FNDA:0,(anonymous_4)
FNDA:7,(anonymous_5)
FNDA:223,(anonymous_6)
FNDA:223,(anonymous_7)
FNDA:3,(anonymous_8)
FNDA:0,(anonymous_9)
DA:6,5
DA:576,5
DA:594,5
DA:595,7
DA:598,4
DA:599,4
DA:600,0
DA:603,0
DA:621,7
DA:622,7
DA:623,223
DA:633,223
DA:635,223
DA:638,223
DA:640,223
DA:641,223
DA:642,223
DA:643,223
DA:648,3
DA:649,3
DA:650,3
DA:658,0
LF:22
LH:19
BRDA:599,0,0,0
BRDA:607,1,0,0
BRDA:607,1,1,0
BRDA:626,2,0,3
BRDA:626,2,1,220
BRDA:626,3,0,223
BRDA:626,3,1,220
BRDA:627,4,0,3
BRDA:627,4,1,3
BRDA:629,5,0,223
BRDA:629,5,1,0
BRDA:630,6,0,223
BRDA:630,6,1,0
BRDA:633,7,0,223
BRDA:633,7,1,223
BRDA:635,8,0,223
BRDA:635,8,1,0
BRDA:635,8,2,0
BRDA:638,9,0,223
BRDA:638,9,1,55
BRDA:640,10,0,223
BRDA:640,10,1,0
BRDA:641,11,0,223
BRDA:641,11,1,0
BRDA:642,12,0,223
BRDA:642,12,1,0
BRDA:643,13,0,223
BRDA:643,13,1,223
BRDA:643,13,2,178
BRDA:643,13,3,178
BRDA:643,13,4,178
BRDA:649,14,0,0
BRDA:652,15,0,3
BRDA:652,15,1,0
BRDA:653,16,0,3
BRDA:653,16,1,0
BRDA:595,17,0,5
BRDA:595,17,1,0
BRDA:595,18,0,5
BRDA:595,18,1,5
BRF:40
BRH:26
end_of_record
TN:
SF:src/orders/orders.controller.ts
FN:9,(anonymous_4)
FN:12,(anonymous_5)
FN:18,(anonymous_6)
FN:23,(anonymous_7)
FN:29,(anonymous_8)
FNF:5
FNH:4
FNDA:4,(anonymous_4)
FNDA:2,(anonymous_5)
FNDA:0,(anonymous_6)
FNDA:1,(anonymous_7)
FNDA:2,(anonymous_8)
DA:8,4
DA:9,4
DA:12,4
DA:13,2
DA:18,4
DA:19,0
DA:23,4
DA:24,1
DA:29,4
DA:30,2
LF:10
LH:9
BRDA:12,0,0,4
BRDA:12,0,1,0
BRDA:12,1,0,4
BRDA:12,1,1,4
BRDA:29,2,0,4
BRDA:29,2,1,0
BRDA:29,3,0,4
BRDA:29,3,1,4
BRDA:9,4,0,4
BRDA:9,4,1,0
BRDA:9,5,0,4
BRDA:9,5,1,4
BRF:12
BRH:9
end_of_record
TN:
SF:src/orders/orders.gateway.ts
FN:13,(anonymous_2)
FN:19,(anonymous_3)
FNF:2
FNH:1
FNDA:3,(anonymous_2)
FNDA:0,(anonymous_3)
DA:9,5
DA:11,5
DA:14,3
DA:15,3
DA:16,3
DA:20,0
DA:21,0
DA:22,0
LF:8
LH:5
BRDA:14,0,0,0
BRDA:21,1,0,0
BRDA:11,2,0,5
BRDA:11,2,1,0
BRDA:11,3,0,5
BRDA:11,3,1,5
BRF:6
BRH:3
end_of_record
TN:
SF:src/orders/orders.module.ts
FNF:0
FNH:0
DA:14,4
LF:1
LH:1
BRF:0
BRH:0
end_of_record
TN:
SF:src/orders/orders.service.ts
FN:21,(anonymous_2)
FN:27,(anonymous_3)
FN:36,(anonymous_4)
FN:38,(anonymous_5)
FN:40,(anonymous_6)
FN:45,(anonymous_7)
FN:55,(anonymous_8)
FN:56,(anonymous_9)
FN:63,(anonymous_10)
FN:117,(anonymous_11)
FN:119,(anonymous_12)
FN:122,(anonymous_13)
FN:128,(anonymous_14)
FN:149,(anonymous_15)
FNF:14
FNH:9
FNDA:7,(anonymous_2)
FNDA:5,(anonymous_3)
FNDA:5,(anonymous_4)
FNDA:5,(anonymous_5)
FNDA:5,(anonymous_6)
FNDA:5,(anonymous_7)
FNDA:0,(anonymous_8)
FNDA:0,(anonymous_9)
FNDA:0,(anonymous_10)
FNDA:0,(anonymous_11)
FNDA:0,(anonymous_12)
FNDA:1,(anonymous_13)
FNDA:3,(anonymous_14)
FNDA:10,(anonymous_15)
DA:10,5
DA:11,5
DA:20,5
DA:22,7
DA:23,7
DA:24,7
DA:28,5
DA:29,0
DA:32,5
DA:33,5
DA:34,5
DA:36,5
DA:38,5
DA:39,5
DA:40,5
DA:42,5
DA:43,5
DA:44,5
DA:46,5
DA:47,5
DA:48,0
DA:50,5
DA:51,0
DA:53,5
DA:55,5
DA:56,0
DA:57,0
DA:58,0
DA:61,5
DA:62,5
DA:63,5
DA:64,5
DA:65,0
DA:67,5
DA:71,5
DA:72,5
DA:74,5
DA:75,0
DA:78,5
DA:80,4
DA:81,4
DA:85,4
DA:86,0
DA:91,5
DA:92,5
DA:94,5
DA:109,5
DA:112,5
DA:113,5
DA:114,5
DA:118,0
DA:119,0
DA:123,1
DA:124,1
DA:125,1
DA:129,3
DA:130,3
DA:131,3
DA:132,3
DA:133,1
DA:135,2
DA:136,1
DA:140,1
DA:144,1
DA:145,1
DA:146,1
DA:150,10
LF:67
LH:56
BRDA:28,0,0,0
BRDA:47,1,0,0
BRDA:47,2,0,5
BRDA:47,2,1,5
BRDA:50,3,0,0
BRDA:53,4,0,5
BRDA:53,4,1,0
BRDA:55,5,0,5
BRDA:55,5,1,5
BRDA:57,6,0,0
BRDA:64,7,0,0
BRDA:64,8,0,5
BRDA:64,8,1,0
BRDA:64,8,2,0
BRDA:74,9,0,0
BRDA:78,10,0,4
BRDA:85,11,0,0
BRDA:91,12,0,1
BRDA:91,12,1,4
BRDA:92,13,0,1
BRDA:92,13,1,4
BRDA:124,14,0,0
BRDA:130,15,0,0
BRDA:132,16,0,1
BRDA:132,17,0,3
BRDA:132,17,1,2
BRDA:135,18,0,1
BRDA:156,19,0,10
BRDA:156,19,1,0
BRDA:157,20,0,10
BRDA:157,20,1,0
BRDA:158,21,0,10
BRDA:158,21,1,0
BRDA:159,22,0,10
BRDA:159,22,1,0
BRDA:22,23,0,5
BRDA:22,23,1,0
BRDA:22,24,0,5
BRDA:22,24,1,5
BRDA:22,25,0,5
BRDA:22,25,1,0
BRDA:22,26,0,5
BRDA:22,26,1,5
BRDA:23,27,0,5
BRDA:23,27,1,0
BRDA:23,28,0,5
BRDA:23,28,1,5
BRF:47
BRH:28
end_of_record
TN:
SF:src/orders/dto/create-order.dto.ts
FN:35,(anonymous_2)
FN:39,(anonymous_3)
FNF:2
FNH:0
FNDA:0,(anonymous_2)
FNDA:0,(anonymous_3)
DA:6,4
DA:10,4
DA:14,4
DA:18,4
DA:23,4
DA:26,4
DA:30,4
DA:35,0
DA:36,4
DA:39,0
DA:40,4
DA:44,4
DA:47,4
LF:13
LH:11
BRDA:47,0,0,4
BRDA:47,0,1,0
BRDA:47,1,0,4
BRDA:47,1,1,4
BRF:4
BRH:3
end_of_record
TN:
SF:src/orders/dto/update-status.dto.ts
FNF:0
FNH:0
DA:7,4
DA:11,4
LF:2
LH:2
BRF:0
BRH:0
end_of_record
TN:
SF:src/prisma/prisma.module.ts
FNF:0
FNH:0
DA:9,4
LF:1
LH:1
BRF:0
BRH:0
end_of_record
TN:
SF:src/prisma/prisma.service.ts
FN:6,(anonymous_1)
FN:10,(anonymous_2)
FNF:2
FNH:2
FNDA:4,(anonymous_1)
FNDA:4,(anonymous_2)
DA:5,5
DA:7,4
DA:11,4
LF:3
LH:3
BRF:0
BRH:0
end_of_record
